{
  "stats": {
    "suites": 19,
    "tests": 60,
    "passes": 60,
    "pending": 0,
    "failures": 0,
    "testsRegistered": 60,
    "passPercent": 100,
    "pendingPercent": 0,
    "other": 0,
    "hasOther": false,
    "skipped": 0,
    "hasSkipped": false,
    "start": "2024-03-01T16:59:17.895Z",
    "end": "2024-03-01T17:01:19.578Z",
    "duration": 121683
  },
  "results": [
    {
      "uuid": "b8d24b65-0e4f-400d-9edd-693e59396dfd",
      "title": "",
      "fullFile": "cypress\\e2e\\automation-test-store\\Alias-invoke.test.js",
      "file": "cypress\\e2e\\automation-test-store\\Alias-invoke.test.js",
      "beforeHooks": [],
      "afterHooks": [],
      "tests": [],
      "suites": [
        {
          "uuid": "f3b62a47-5137-4b23-8818-63e03554d71a",
          "title": "Alias and Invoke",
          "fullFile": "",
          "file": "",
          "beforeHooks": [],
          "afterHooks": [],
          "tests": [
            {
              "title": "Validate a specific skin care product",
              "fullTitle": "Alias and Invoke Validate a specific skin care product",
              "timedOut": null,
              "duration": 2784,
              "state": "passed",
              "speed": "fast",
              "pass": true,
              "fail": false,
              "pending": false,
              "context": null,
              "code": "cy.get(\"a[href*='product/category&path=']\").contains('Skincare').click();\ncy.get(\".fixed_wrapper .prdocutname\").eq(0).invoke('text').as('productThumbnail');\ncy.get('@productThumbnail').its('length').should('be.gt', 5);\ncy.get('@productThumbnail').should('include', 'Flash Bronzer Body Gel');",
              "err": {},
              "uuid": "4ca6f04d-71e8-4afd-889d-045b86b5352d",
              "parentUUID": "f3b62a47-5137-4b23-8818-63e03554d71a",
              "isHook": false,
              "skipped": false
            },
            {
              "title": "Validate product thumbnail count",
              "fullTitle": "Alias and Invoke Validate product thumbnail count",
              "timedOut": null,
              "duration": 1723,
              "state": "passed",
              "speed": "fast",
              "pass": true,
              "fail": false,
              "pending": false,
              "context": null,
              "code": "cy.get('@productThumbnailGrid').should('have.length', 5);",
              "err": {},
              "uuid": "c1c85c68-3fbf-42df-bad0-07e017a460f7",
              "parentUUID": "f3b62a47-5137-4b23-8818-63e03554d71a",
              "isHook": false,
              "skipped": false
            },
            {
              "title": "Validate a product can be added to cart",
              "fullTitle": "Alias and Invoke Validate a product can be added to cart",
              "timedOut": null,
              "duration": 1638,
              "state": "passed",
              "speed": "fast",
              "pass": true,
              "fail": false,
              "pending": false,
              "context": null,
              "code": "cy.get('@productThumbnailGrid').find('.productcart').each(($el, index, $list) => {\n  cy.wrap($el).invoke('attr', 'title').should('include', 'Add to Cart');\n});",
              "err": {},
              "uuid": "bda7533c-1fa7-433c-9f63-915ba27535ea",
              "parentUUID": "f3b62a47-5137-4b23-8818-63e03554d71a",
              "isHook": false,
              "skipped": false
            },
            {
              "title": "Validate a product is out of stock",
              "fullTitle": "Alias and Invoke Validate a product is out of stock",
              "timedOut": null,
              "duration": 2035,
              "state": "passed",
              "speed": "fast",
              "pass": true,
              "fail": false,
              "pending": false,
              "context": null,
              "code": "cy.get('@productThumbnailGrid').find('.nostock').each($el => {\n  cy.wrap($el).should('have.text', 'Out of Stock');\n});",
              "err": {},
              "uuid": "b74aced1-100d-428e-8ea9-8ca045e5200e",
              "parentUUID": "f3b62a47-5137-4b23-8818-63e03554d71a",
              "isHook": false,
              "skipped": false
            },
            {
              "title": "Calculate total of normal and sale products",
              "fullTitle": "Alias and Invoke Calculate total of normal and sale products",
              "timedOut": null,
              "duration": 1522,
              "state": "passed",
              "speed": "fast",
              "pass": true,
              "fail": false,
              "pending": false,
              "context": null,
              "code": "cy.get('.thumbnail').find('.oneprice').invoke('text').as('itemPrice');\ncy.get('.thumbnail').find('.pricenew').invoke('text').as('saleItemPrice');\nvar itemsTotal = 0;\ncy.get('@itemPrice').then($linkText => {\n  var itemsPriceTotal = 0;\n  var itemPrice = $linkText.split('$');\n  var i;\n  for (i = 0; i < itemPrice.length; i++) {\n    cy.log(itemPrice[i]);\n    itemsPriceTotal += Number(itemPrice[i]);\n  }\n  itemsTotal += itemsPriceTotal;\n  cy.log(\"Non sale price items total: \" + itemsPriceTotal);\n});\ncy.get('@saleItemPrice').then($linkText => {\n  var saleItemsPriceTotal = 0;\n  var saleItemPrice = $linkText.split('$');\n  var i;\n  for (i = 0; i < saleItemPrice.length; i++) {\n    cy.log(saleItemPrice[i]);\n    saleItemsPriceTotal += Number(saleItemPrice[i]);\n  }\n  itemsTotal += saleItemsPriceTotal;\n  cy.log(\"Sale price items total: \" + saleItemsPriceTotal);\n}).then(() => {\n  //this then is important to make sure the above code is executed before the below code. Otherwise itemsTotal will be 0\n  cy.log(\"The total price of all products: \" + itemsTotal);\n  expect(itemsTotal).to.eq(836);\n});",
              "err": {},
              "uuid": "7ae33372-37ff-491b-bdde-ba4d515e219b",
              "parentUUID": "f3b62a47-5137-4b23-8818-63e03554d71a",
              "isHook": false,
              "skipped": false
            }
          ],
          "suites": [],
          "passes": [
            "4ca6f04d-71e8-4afd-889d-045b86b5352d",
            "c1c85c68-3fbf-42df-bad0-07e017a460f7",
            "bda7533c-1fa7-433c-9f63-915ba27535ea",
            "b74aced1-100d-428e-8ea9-8ca045e5200e",
            "7ae33372-37ff-491b-bdde-ba4d515e219b"
          ],
          "failures": [],
          "pending": [],
          "skipped": [],
          "duration": 9702,
          "root": false,
          "rootEmpty": false,
          "_timeout": 2000
        }
      ],
      "passes": [],
      "failures": [],
      "pending": [],
      "skipped": [],
      "duration": 0,
      "root": true,
      "rootEmpty": true,
      "_timeout": 2000
    },
    {
      "uuid": "35f856bb-113e-4666-bda2-ea364edbab24",
      "title": "",
      "fullFile": "cypress\\e2e\\automation-test-store\\contact-us.test.js",
      "file": "cypress\\e2e\\automation-test-store\\contact-us.test.js",
      "beforeHooks": [],
      "afterHooks": [],
      "tests": [],
      "suites": [
        {
          "uuid": "9e07621e-ae39-4f84-9883-fc413f16938c",
          "title": "Test Contact Us form via Automation Test Store",
          "fullFile": "",
          "file": "",
          "beforeHooks": [],
          "afterHooks": [],
          "tests": [
            {
              "title": "Should be able to submit a successful submission via contact us form",
              "fullTitle": "Test Contact Us form via Automation Test Store Should be able to submit a successful submission via contact us form",
              "timedOut": null,
              "duration": 4027,
              "state": "passed",
              "speed": "fast",
              "pass": true,
              "fail": false,
              "pending": false,
              "context": null,
              "code": "cy.get('@user').then(user => {\n  cy.get('#ContactUsFrm_first_name').type(user.first_name);\n  cy.get('#ContactUsFrm_email').type(user.email);\n  cy.get('#ContactUsFrm_enquiry').type(user.enquiry);\n});\ncy.get('#ContactUsFrm_email').should('have.attr', 'name', 'email');\ncy.get('button[title=\"Submit\"]').click();\ncy.get('@enquiryValidation').then(expect => {\n  cy.get('.mb40 > :nth-child(3)').should('have.text', expect.enquiryValidated);\n});\ncy.get('@log').then(log => {\n  cy.log(log.itComplete);\n});",
              "err": {},
              "uuid": "27eae528-4c03-4a7e-865b-077d05cd205f",
              "parentUUID": "9e07621e-ae39-4f84-9883-fc413f16938c",
              "isHook": false,
              "skipped": false
            },
            {
              "title": "Should not be able to submit a successful submission via contact us form as all fields are required",
              "fullTitle": "Test Contact Us form via Automation Test Store Should not be able to submit a successful submission via contact us form as all fields are required",
              "timedOut": null,
              "duration": 2810,
              "state": "passed",
              "speed": "fast",
              "pass": true,
              "fail": false,
              "pending": false,
              "context": null,
              "code": "cy.get('@user').then(user => {\n  cy.get('#ContactUsFrm_first_name').type(user.first_name);\n  cy.get('#ContactUsFrm_email').type(user.emailInvalid);\n  cy.get('#ContactUsFrm_enquiry').type(user.enquiry);\n});\ncy.get('button[title=\"Submit\"]').click();\ncy.get('@enquiryValidation').then(expect => {\n  cy.get('.element_error').should('include.text', expect.enquiryNotValidated);\n});\ncy.get('@log').then(log => {\n  cy.log(log.itComplete);\n});",
              "err": {},
              "uuid": "98de6b3b-cd35-4e9c-b5c5-76b9432ead7f",
              "parentUUID": "9e07621e-ae39-4f84-9883-fc413f16938c",
              "isHook": false,
              "skipped": false
            }
          ],
          "suites": [],
          "passes": [
            "27eae528-4c03-4a7e-865b-077d05cd205f",
            "98de6b3b-cd35-4e9c-b5c5-76b9432ead7f"
          ],
          "failures": [],
          "pending": [],
          "skipped": [],
          "duration": 6837,
          "root": false,
          "rootEmpty": false,
          "_timeout": 2000
        }
      ],
      "passes": [],
      "failures": [],
      "pending": [],
      "skipped": [],
      "duration": 0,
      "root": true,
      "rootEmpty": true,
      "_timeout": 2000
    },
    {
      "uuid": "deddcb5a-d964-47e3-a3f3-81f8985d7813",
      "title": "",
      "fullFile": "cypress\\e2e\\automation-test-store\\inspect-item.test.js",
      "file": "cypress\\e2e\\automation-test-store\\inspect-item.test.js",
      "beforeHooks": [],
      "afterHooks": [],
      "tests": [],
      "suites": [
        {
          "uuid": "b3854ae2-a23c-4e95-b808-d7b95a4964b5",
          "title": "Inspect Automation Test Store items using chain of commands",
          "fullFile": "",
          "file": "",
          "beforeHooks": [],
          "afterHooks": [],
          "tests": [
            {
              "title": "Click on the first item using item text",
              "fullTitle": "Inspect Automation Test Store items using chain of commands Click on the first item using item text",
              "timedOut": null,
              "duration": 2305,
              "state": "passed",
              "speed": "fast",
              "pass": true,
              "fail": false,
              "pending": false,
              "context": null,
              "code": "cy.visit(Cypress.env('automationTestStoreBaseUrl'));\ncy.get('.prdocutname').contains('Skinsheen Bronzer Stick').click().then(function (itemHeaderText) {\n  console.log('Selected the following item: ' + itemHeaderText.text());\n});",
              "err": {},
              "uuid": "d4e2e33b-f5cb-4677-a65e-5aecfdd1fc2d",
              "parentUUID": "b3854ae2-a23c-4e95-b808-d7b95a4964b5",
              "isHook": false,
              "skipped": false
            },
            {
              "title": "Click on the first item using item index",
              "fullTitle": "Inspect Automation Test Store items using chain of commands Click on the first item using item index",
              "timedOut": null,
              "duration": 1582,
              "state": "passed",
              "speed": "fast",
              "pass": true,
              "fail": false,
              "pending": false,
              "context": null,
              "code": "cy.visit(Cypress.env('automationTestStoreBaseUrl'));\ncy.get('.fixed_wrapper').find('.prdocutname').eq(0).click();",
              "err": {},
              "uuid": "a53a26a3-c68f-4b89-a4fe-c974afb73591",
              "parentUUID": "b3854ae2-a23c-4e95-b808-d7b95a4964b5",
              "isHook": false,
              "skipped": false
            }
          ],
          "suites": [],
          "passes": [
            "d4e2e33b-f5cb-4677-a65e-5aecfdd1fc2d",
            "a53a26a3-c68f-4b89-a4fe-c974afb73591"
          ],
          "failures": [],
          "pending": [],
          "skipped": [],
          "duration": 3887,
          "root": false,
          "rootEmpty": false,
          "_timeout": 2000
        }
      ],
      "passes": [],
      "failures": [],
      "pending": [],
      "skipped": [],
      "duration": 0,
      "root": true,
      "rootEmpty": true,
      "_timeout": 2000
    },
    {
      "uuid": "2cde8340-8b82-406f-99af-ce4db569d625",
      "title": "",
      "fullFile": "cypress\\e2e\\automation-test-store\\iterate-over-elements.test.js",
      "file": "cypress\\e2e\\automation-test-store\\iterate-over-elements.test.js",
      "beforeHooks": [],
      "afterHooks": [],
      "tests": [],
      "suites": [
        {
          "uuid": "5cec1852-2454-440a-b2e0-e8446280b58e",
          "title": "Iterate over elements",
          "fullFile": "",
          "file": "",
          "beforeHooks": [],
          "afterHooks": [],
          "tests": [
            {
              "title": "Log information of all hair care products",
              "fullTitle": "Iterate over elements Log information of all hair care products",
              "timedOut": null,
              "duration": 1995,
              "state": "passed",
              "speed": "fast",
              "pass": true,
              "fail": false,
              "pending": false,
              "context": null,
              "code": "cy.visit(Cypress.env('automationTestStoreBaseUrl'));\ncy.get(\"a[href*='product/category&path=']\").contains('Hair Care').click();\ncy.get(\".fixed_wrapper .prdocutname\").each(($el, index, $list) => {\n  cy.log(\"Index: \" + index + \" : \" + $el.text());\n});",
              "err": {},
              "uuid": "4ab9cce5-5b8e-4b0d-9670-c58cbdaacd67",
              "parentUUID": "5cec1852-2454-440a-b2e0-e8446280b58e",
              "isHook": false,
              "skipped": false
            },
            {
              "title": "adds specific product to basket",
              "fullTitle": "Iterate over elements adds specific product to basket",
              "timedOut": null,
              "duration": 2000,
              "state": "passed",
              "speed": "fast",
              "pass": true,
              "fail": false,
              "pending": false,
              "context": null,
              "code": "cy.visit(Cypress.env('automationTestStoreBaseUrl'));\ncy.get(\"a[href*='product/category&path=']\").contains('Hair Care').click();\ncy.selectProduct('Curls to straight Shampoo');",
              "err": {},
              "uuid": "ae92718c-00e3-4279-ae65-1477ee1c802d",
              "parentUUID": "5cec1852-2454-440a-b2e0-e8446280b58e",
              "isHook": false,
              "skipped": false
            },
            {
              "title": "adds another specific product to basket",
              "fullTitle": "Iterate over elements adds another specific product to basket",
              "timedOut": null,
              "duration": 1752,
              "state": "passed",
              "speed": "fast",
              "pass": true,
              "fail": false,
              "pending": false,
              "context": null,
              "code": "cy.visit(Cypress.env('automationTestStoreBaseUrl'));\ncy.get(\"a[href*='product/category&path=']\").contains('Hair Care').click();\ncy.selectProduct('Seaweed Conditioner');",
              "err": {},
              "uuid": "28ccf26a-c5ca-4f83-bb92-6c14df9afebf",
              "parentUUID": "5cec1852-2454-440a-b2e0-e8446280b58e",
              "isHook": false,
              "skipped": false
            }
          ],
          "suites": [],
          "passes": [
            "4ab9cce5-5b8e-4b0d-9670-c58cbdaacd67",
            "ae92718c-00e3-4279-ae65-1477ee1c802d",
            "28ccf26a-c5ca-4f83-bb92-6c14df9afebf"
          ],
          "failures": [],
          "pending": [],
          "skipped": [],
          "duration": 5747,
          "root": false,
          "rootEmpty": false,
          "_timeout": 2000
        }
      ],
      "passes": [],
      "failures": [],
      "pending": [],
      "skipped": [],
      "duration": 0,
      "root": true,
      "rootEmpty": true,
      "_timeout": 2000
    },
    {
      "uuid": "926cb32c-54fb-4432-a476-695c12caec0a",
      "title": "",
      "fullFile": "cypress\\e2e\\automation-test-store\\variables-and-cy-command.test.js",
      "file": "cypress\\e2e\\automation-test-store\\variables-and-cy-command.test.js",
      "beforeHooks": [],
      "afterHooks": [],
      "tests": [],
      "suites": [
        {
          "uuid": "fce6dc8b-d732-4890-af72-fbdd43c51ace",
          "title": "Verifying variables, cypress commands and jquery commands",
          "fullFile": "",
          "file": "",
          "beforeHooks": [],
          "afterHooks": [],
          "tests": [
            {
              "title": "Navigating to specific product pages",
              "fullTitle": "Verifying variables, cypress commands and jquery commands Navigating to specific product pages",
              "timedOut": null,
              "duration": 3221,
              "state": "passed",
              "speed": "fast",
              "pass": true,
              "fail": false,
              "pending": false,
              "context": null,
              "code": "cy.visit(Cypress.env('automationTestStoreBaseUrl'));\n// const makeupLink = cy.get(\"a[href*='product/category&path=']\").contains('Makeup')\n// const skincareLink = cy.get(\"a[href*='product/category&path=']\").contains('Skincare')\n// skincareLink.click()\n// makeupLink.click()\ncy.get(\"a[href*='product/category&path=']\").contains('Makeup').click();",
              "err": {},
              "uuid": "d6b7e37a-6d7c-4488-bfa1-f2930469a7d7",
              "parentUUID": "fce6dc8b-d732-4890-af72-fbdd43c51ace",
              "isHook": false,
              "skipped": false
            },
            {
              "title": "Navigation to specific product pages",
              "fullTitle": "Verifying variables, cypress commands and jquery commands Navigation to specific product pages",
              "timedOut": null,
              "duration": 2087,
              "state": "passed",
              "speed": "fast",
              "pass": true,
              "fail": false,
              "pending": false,
              "context": null,
              "code": "cy.visit(Cypress.env('automationTestStoreBaseUrl'));\ncy.get(\"a[href*='product/category&path=']\").contains('Makeup').click();\n//following code will fail\n// const header = cy.get('h1 .maintext')\n// cy.log(header.text())\ncy.get('h1 .maintext').then($headerText => {\n  const headerText = $headerText.text();\n  cy.log(\"Found header text: \" + headerText);\n  expect(headerText).is.eq('Makeup');\n});",
              "err": {},
              "uuid": "f65c82d6-c12e-4666-a292-19d5b331514f",
              "parentUUID": "fce6dc8b-d732-4890-af72-fbdd43c51ace",
              "isHook": false,
              "skipped": false
            },
            {
              "title": "Validate properties of the Context Us Page",
              "fullTitle": "Verifying variables, cypress commands and jquery commands Validate properties of the Context Us Page",
              "timedOut": null,
              "duration": 426,
              "state": "passed",
              "speed": "fast",
              "pass": true,
              "fail": false,
              "pending": false,
              "context": null,
              "code": "cy.visit('https://automationteststore.com/index.php?rt=content/contact');\n//Uses cypress commands and chaining\ncy.contains('#ContactUsFrm', 'Contact Us Form').find('#field_11').should('contain', 'First name');\n//JQuery Approach\ncy.contains('#ContactUsFrm', 'Contact Us Form').then(text => {\n  const firstNameText = text.find('#field_11').text();\n  expect(firstNameText).to.contain('First name');\n  //Embedded commands (Closure)\n  cy.get('#field_11').then(fnText => {\n    cy.log(fnText.text());\n    cy.log(fnText);\n  });\n});",
              "err": {},
              "uuid": "21403fd3-46c7-4756-ae45-7b41dfb7d9be",
              "parentUUID": "fce6dc8b-d732-4890-af72-fbdd43c51ace",
              "isHook": false,
              "skipped": false
            }
          ],
          "suites": [],
          "passes": [
            "d6b7e37a-6d7c-4488-bfa1-f2930469a7d7",
            "f65c82d6-c12e-4666-a292-19d5b331514f",
            "21403fd3-46c7-4756-ae45-7b41dfb7d9be"
          ],
          "failures": [],
          "pending": [],
          "skipped": [],
          "duration": 5734,
          "root": false,
          "rootEmpty": false,
          "_timeout": 2000
        }
      ],
      "passes": [],
      "failures": [],
      "pending": [],
      "skipped": [],
      "duration": 0,
      "root": true,
      "rootEmpty": true,
      "_timeout": 2000
    },
    {
      "uuid": "d81052ad-205e-4609-96c3-30d08801232e",
      "title": "",
      "fullFile": "cypress\\e2e\\webdriver-uni\\autocomplete-dropdownlist.test.js",
      "file": "cypress\\e2e\\webdriver-uni\\autocomplete-dropdownlist.test.js",
      "beforeHooks": [],
      "afterHooks": [],
      "tests": [],
      "suites": [
        {
          "uuid": "85ed76b7-1d28-4607-ba0e-9baf8bb33c0c",
          "title": "how to handle autocomplete ddl",
          "fullFile": "",
          "file": "",
          "beforeHooks": [],
          "afterHooks": [],
          "tests": [
            {
              "title": "selects the Avacado option",
              "fullTitle": "how to handle autocomplete ddl selects the Avacado option",
              "timedOut": null,
              "duration": 1893,
              "state": "passed",
              "speed": "fast",
              "pass": true,
              "fail": false,
              "pending": false,
              "context": null,
              "code": "cy.get('#myInput').type('A');\ncy.get('#myInputautocomplete-list > div').each($el => {\n  if ($el.text() === 'Avacado') {\n    cy.wrap($el).click();\n  }\n});\ncy.get('#submit-button').click();\ncy.url().should('include', 'Avacado');",
              "err": {},
              "uuid": "ec9ccdfb-0db0-401a-9e35-845fe8d102af",
              "parentUUID": "85ed76b7-1d28-4607-ba0e-9baf8bb33c0c",
              "isHook": false,
              "skipped": false
            }
          ],
          "suites": [],
          "passes": [
            "ec9ccdfb-0db0-401a-9e35-845fe8d102af"
          ],
          "failures": [],
          "pending": [],
          "skipped": [],
          "duration": 1893,
          "root": false,
          "rootEmpty": false,
          "_timeout": 2000
        }
      ],
      "passes": [],
      "failures": [],
      "pending": [],
      "skipped": [],
      "duration": 0,
      "root": true,
      "rootEmpty": true,
      "_timeout": 2000
    },
    {
      "uuid": "7acac1f9-08a1-4f78-aa22-299c391ef331",
      "title": "",
      "fullFile": "cypress\\e2e\\webdriver-uni\\browser-navigation.test.js",
      "file": "cypress\\e2e\\webdriver-uni\\browser-navigation.test.js",
      "beforeHooks": [],
      "afterHooks": [],
      "tests": [],
      "suites": [
        {
          "uuid": "1f3243ea-c572-4b0e-a2f3-e92c02853df8",
          "title": "Validate webdriveruni homepage links",
          "fullFile": "",
          "file": "",
          "beforeHooks": [],
          "afterHooks": [],
          "tests": [
            {
              "title": "Confirms links redirect to the correct pages",
              "fullTitle": "Validate webdriveruni homepage links Confirms links redirect to the correct pages",
              "timedOut": null,
              "duration": 2837,
              "state": "passed",
              "speed": "fast",
              "pass": true,
              "fail": false,
              "pending": false,
              "context": null,
              "code": "cy.visit(Cypress.env('webdriveruniversityBaseUrl'));\ncy.get(\"#contact-us\").invoke('removeAttr', 'target').click();\ncy.url().should('include', 'Contact-Us/contactus.html');\ncy.go('back');\ncy.url().should('include', Cypress.env('webdriveruniversityBaseUrl'));\ncy.reload();\ncy.go('forward');\ncy.url().should('include', 'Contact-Us/contactus.html');\ncy.go('back');\ncy.get(\"#login-portal\").invoke('removeAttr', 'target').click();\ncy.url().should('include', 'Login-Portal');\ncy.go('back');\ncy.get(\"#to-do-list\").invoke('removeAttr', 'target').click();\ncy.url().should('include', 'To-Do-List');\ncy.go('back');\ncy.url().should('include', Cypress.env('webdriveruniversityBaseUrl'));",
              "err": {},
              "uuid": "cc8d2749-73a7-4237-a28e-2168f8e90751",
              "parentUUID": "1f3243ea-c572-4b0e-a2f3-e92c02853df8",
              "isHook": false,
              "skipped": false
            }
          ],
          "suites": [],
          "passes": [
            "cc8d2749-73a7-4237-a28e-2168f8e90751"
          ],
          "failures": [],
          "pending": [],
          "skipped": [],
          "duration": 2837,
          "root": false,
          "rootEmpty": false,
          "_timeout": 2000
        }
      ],
      "passes": [],
      "failures": [],
      "pending": [],
      "skipped": [],
      "duration": 0,
      "root": true,
      "rootEmpty": true,
      "_timeout": 2000
    },
    {
      "uuid": "e4d5d67f-a6c2-47ab-939d-724753072563",
      "title": "",
      "fullFile": "cypress\\e2e\\webdriver-uni\\checkboxes.test.js",
      "file": "cypress\\e2e\\webdriver-uni\\checkboxes.test.js",
      "beforeHooks": [],
      "afterHooks": [],
      "tests": [],
      "suites": [
        {
          "uuid": "4f07ba8f-bbf1-4a6e-b881-f91d68366ac2",
          "title": "how to handle checkboxes",
          "fullFile": "",
          "file": "",
          "beforeHooks": [],
          "afterHooks": [],
          "tests": [
            {
              "title": "checks of one checkboxes according to position",
              "fullTitle": "how to handle checkboxes checks of one checkboxes according to position",
              "timedOut": null,
              "duration": 802,
              "state": "passed",
              "speed": "fast",
              "pass": true,
              "fail": false,
              "pending": false,
              "context": null,
              "code": "cy.get('#radio-buttons > input[type=radio]').first().check().should('be.checked');",
              "err": {},
              "uuid": "0900e358-117b-4664-b70d-714b8f71bafe",
              "parentUUID": "4f07ba8f-bbf1-4a6e-b881-f91d68366ac2",
              "isHook": false,
              "skipped": false
            },
            {
              "title": "ticks one radiobutton at specific position",
              "fullTitle": "how to handle checkboxes ticks one radiobutton at specific position",
              "timedOut": null,
              "duration": 368,
              "state": "passed",
              "speed": "fast",
              "pass": true,
              "fail": false,
              "pending": false,
              "context": null,
              "code": "cy.get('#radio-buttons > input[type=radio]').eq(1).check().should('be.checked');",
              "err": {},
              "uuid": "e72e9bbe-9744-4900-8452-db07b2621679",
              "parentUUID": "4f07ba8f-bbf1-4a6e-b881-f91d68366ac2",
              "isHook": false,
              "skipped": false
            },
            {
              "title": "checks multiple checkboxes",
              "fullTitle": "how to handle checkboxes checks multiple checkboxes",
              "timedOut": null,
              "duration": 389,
              "state": "passed",
              "speed": "fast",
              "pass": true,
              "fail": false,
              "pending": false,
              "context": null,
              "code": "cy.get('#checkboxes input[type=\"checkbox\"]').check(['option-2', 'option-3', 'option-4']).should('be.checked');",
              "err": {},
              "uuid": "a1bbe8bf-977c-4b76-b9de-cb606fa44ac6",
              "parentUUID": "4f07ba8f-bbf1-4a6e-b881-f91d68366ac2",
              "isHook": false,
              "skipped": false
            },
            {
              "title": "unchecks multiple checkboxes",
              "fullTitle": "how to handle checkboxes unchecks multiple checkboxes",
              "timedOut": null,
              "duration": 677,
              "state": "passed",
              "speed": "fast",
              "pass": true,
              "fail": false,
              "pending": false,
              "context": null,
              "code": "cy.get('#checkboxes input[type=\"checkbox\"]').check(['option-2', 'option-4']).should('be.checked');\ncy.get('#checkboxes input[type=\"checkbox\"][value=\"option-3\"]').should('be.checked');\ncy.get('#checkboxes input[type=\"checkbox\"]').uncheck(['option-2', 'option-3', 'option-4']).should('not.be.checked');",
              "err": {},
              "uuid": "be169304-cd0d-4620-bd5e-dd10bddb2eca",
              "parentUUID": "4f07ba8f-bbf1-4a6e-b881-f91d68366ac2",
              "isHook": false,
              "skipped": false
            },
            {
              "title": "checks either disabled or enabled checkboxes",
              "fullTitle": "how to handle checkboxes checks either disabled or enabled checkboxes",
              "timedOut": null,
              "duration": 217,
              "state": "passed",
              "speed": "fast",
              "pass": true,
              "fail": false,
              "pending": false,
              "context": null,
              "code": "cy.get('#radio-buttons-selected-disabled input[type=\"radio\"][value=\"cabbage\"]').should('not.be.checked').should('be.disabled');",
              "err": {},
              "uuid": "0ef7aa9a-e72e-4068-91f0-87d43cad81e3",
              "parentUUID": "4f07ba8f-bbf1-4a6e-b881-f91d68366ac2",
              "isHook": false,
              "skipped": false
            }
          ],
          "suites": [],
          "passes": [
            "0900e358-117b-4664-b70d-714b8f71bafe",
            "e72e9bbe-9744-4900-8452-db07b2621679",
            "a1bbe8bf-977c-4b76-b9de-cb606fa44ac6",
            "be169304-cd0d-4620-bd5e-dd10bddb2eca",
            "0ef7aa9a-e72e-4068-91f0-87d43cad81e3"
          ],
          "failures": [],
          "pending": [],
          "skipped": [],
          "duration": 2453,
          "root": false,
          "rootEmpty": false,
          "_timeout": 2000
        }
      ],
      "passes": [],
      "failures": [],
      "pending": [],
      "skipped": [],
      "duration": 0,
      "root": true,
      "rootEmpty": true,
      "_timeout": 2000
    },
    {
      "uuid": "6a15c5e7-bc5c-40f2-a3b4-13b16f642994",
      "title": "",
      "fullFile": "cypress\\e2e\\webdriver-uni\\contact-us.test.js",
      "file": "cypress\\e2e\\webdriver-uni\\contact-us.test.js",
      "beforeHooks": [],
      "afterHooks": [],
      "tests": [],
      "suites": [
        {
          "uuid": "36a75f36-e3f2-472e-9009-754e6b8e1ce4",
          "title": "Test Contact Us form via WebdriverUni",
          "fullFile": "",
          "file": "",
          "beforeHooks": [],
          "afterHooks": [],
          "tests": [
            {
              "title": "Should be able to submit a successful submission via contact us form",
              "fullTitle": "Test Contact Us form via WebdriverUni Should be able to submit a successful submission via contact us form",
              "timedOut": null,
              "duration": 2841,
              "state": "passed",
              "speed": "fast",
              "pass": true,
              "fail": false,
              "pending": false,
              "context": null,
              "code": "contact_Us_PO.contactForm_Submission(Cypress.env('first_name'), data.last_name, data.email, data.description);\ncy.get('h1').should('have.text', data.messageValidation);",
              "err": {},
              "uuid": "9c3a469e-01d1-43fc-8709-cfa460d33db7",
              "parentUUID": "36a75f36-e3f2-472e-9009-754e6b8e1ce4",
              "isHook": false,
              "skipped": false
            },
            {
              "title": "Should not be able to submit a successful submission via contact us form as all fields are required",
              "fullTitle": "Test Contact Us form via WebdriverUni Should not be able to submit a successful submission via contact us form as all fields are required",
              "timedOut": null,
              "duration": 1643,
              "state": "passed",
              "speed": "fast",
              "pass": true,
              "fail": false,
              "pending": false,
              "context": null,
              "code": "contact_Us_PO.contactForm_Submission(data.name, data.last_name, data.email, \"\");\ncy.get('body').should('include.text', data.messageErrorValidation);",
              "err": {},
              "uuid": "02c67ca5-4a2c-4954-85ba-7646807c9faa",
              "parentUUID": "36a75f36-e3f2-472e-9009-754e6b8e1ce4",
              "isHook": false,
              "skipped": false
            }
          ],
          "suites": [],
          "passes": [
            "9c3a469e-01d1-43fc-8709-cfa460d33db7",
            "02c67ca5-4a2c-4954-85ba-7646807c9faa"
          ],
          "failures": [],
          "pending": [],
          "skipped": [],
          "duration": 4484,
          "root": false,
          "rootEmpty": false,
          "_timeout": 2000
        }
      ],
      "passes": [],
      "failures": [],
      "pending": [],
      "skipped": [],
      "duration": 0,
      "root": true,
      "rootEmpty": true,
      "_timeout": 2000
    },
    {
      "uuid": "0d1bb9a0-c039-436f-ade6-35f09e96b6b8",
      "title": "",
      "fullFile": "cypress\\e2e\\webdriver-uni\\data-tables.test.js",
      "file": "cypress\\e2e\\webdriver-uni\\data-tables.test.js",
      "beforeHooks": [],
      "afterHooks": [],
      "tests": [],
      "suites": [
        {
          "uuid": "7a86e0dd-d323-4cb7-b9c6-6ce9fc01fcee",
          "title": "handling data via webdriveruni",
          "fullFile": "",
          "file": "",
          "beforeHooks": [],
          "afterHooks": [],
          "tests": [
            {
              "title": "calculates and asserts the total age of all users",
              "fullTitle": "handling data via webdriveruni calculates and asserts the total age of all users",
              "timedOut": null,
              "duration": 754,
              "state": "passed",
              "speed": "fast",
              "pass": true,
              "fail": false,
              "pending": false,
              "context": null,
              "code": "var totalAge = 0;\ncy.get('#thumbnail-1 > table > tbody > tr > td:last-child').each($el => {\n  const age = $el.text();\n  totalAge += Number(age);\n}).then(() => {\n  expect(totalAge).to.eq(322);\n});",
              "err": {},
              "uuid": "d656bf19-0ab7-4270-9024-bbbcffdb6aba",
              "parentUUID": "7a86e0dd-d323-4cb7-b9c6-6ce9fc01fcee",
              "isHook": false,
              "skipped": false
            },
            {
              "title": "asserts the age of a user in the table",
              "fullTitle": "handling data via webdriveruni asserts the age of a user in the table",
              "timedOut": null,
              "duration": 479,
              "state": "passed",
              "speed": "fast",
              "pass": true,
              "fail": false,
              "pending": false,
              "context": null,
              "code": "cy.get('#thumbnail-1 > table > tbody > tr > td:contains(\"Woods\")').next().should('contain', '80');",
              "err": {},
              "uuid": "5599a9be-b704-43b5-ad2a-00fe3b7913b3",
              "parentUUID": "7a86e0dd-d323-4cb7-b9c6-6ce9fc01fcee",
              "isHook": false,
              "skipped": false
            }
          ],
          "suites": [],
          "passes": [
            "d656bf19-0ab7-4270-9024-bbbcffdb6aba",
            "5599a9be-b704-43b5-ad2a-00fe3b7913b3"
          ],
          "failures": [],
          "pending": [],
          "skipped": [],
          "duration": 1233,
          "root": false,
          "rootEmpty": false,
          "_timeout": 2000
        }
      ],
      "passes": [],
      "failures": [],
      "pending": [],
      "skipped": [],
      "duration": 0,
      "root": true,
      "rootEmpty": true,
      "_timeout": 2000
    },
    {
      "uuid": "caa40a5d-d93b-4eb2-a8eb-bd8208e1360f",
      "title": "",
      "fullFile": "cypress\\e2e\\webdriver-uni\\date-picker.test.js",
      "file": "cypress\\e2e\\webdriver-uni\\date-picker.test.js",
      "beforeHooks": [],
      "afterHooks": [],
      "tests": [],
      "suites": [
        {
          "uuid": "6f653c83-a6ca-45a5-bc07-ef195ba0637c",
          "title": "Test datepicker from webdriveruni",
          "fullFile": "",
          "file": "",
          "beforeHooks": [],
          "afterHooks": [],
          "tests": [
            {
              "title": "selects date from the datepicker",
              "fullTitle": "Test datepicker from webdriveruni selects date from the datepicker",
              "timedOut": null,
              "duration": 2111,
              "state": "passed",
              "speed": "fast",
              "pass": true,
              "fail": false,
              "pending": false,
              "context": null,
              "code": "var date = new Date();\ndate.setDate(date.getDate() + 390);\ndate.setFullYear(date.getFullYear() - 20);\nvar futureYear = date.getFullYear();\nvar futureMonth = date.toLocaleString(\"default\", {\n  month: \"long\"\n});\nvar futureDay = date.getDate();\nvar formattedDate = (date.getMonth() + 1).toString().padStart(2, '0') + '-' + date.getDate().toString().padStart(2, '0') + '-' + date.getFullYear();\ncy.log(\"Future Date to select: \" + futureMonth + \" \" + futureDay + \", \" + futureYear);\ncy.log(\"Future Date expected: \" + formattedDate).then(() => {\n  selectDate();\n});\ncy.get('#datepicker > input').should('have.value', formattedDate);\n//#region Functions\nfunction selectDate() {\n  cy.get('@calendar').find('.datepicker-switch').first().should('be.visible').then(currentDate => {\n    cy.log(currentDate.text());\n    if (!currentDate.text().includes(futureYear)) {\n      goToYearsPanel();\n      selectYear();\n    } else if (!currentDate.text().includes(futureMonth)) {\n      goToMonthsPanel();\n      selectMonth();\n    } else {\n      selectDay();\n    }\n  });\n}\nfunction selectYear() {\n  cy.get('@yearsPanel').each($year => {\n    if ($year.text() == futureYear) {\n      cy.wrap($year).click();\n      cy.get('@monthsPanelHeader').should('have.text', futureYear);\n      selectMonth();\n    }\n  });\n}\nfunction selectMonth() {\n  cy.get('@monthsPanel').each($month => {\n    if (futureMonth.startsWith($month.text())) {\n      cy.wrap($month).click();\n      selectDay();\n    }\n  });\n}\nfunction selectDay() {\n  cy.get('@daysPanel').each($day => {\n    if ($day.text() == futureDay) {\n      cy.wrap($day).click();\n      return false;\n    }\n  });\n}\nfunction goToYearsPanel() {\n  goToMonthsPanel();\n  cy.get('@monthsPanelHeader').click();\n  cy.get('@yearsPanel').should('be.visible').then(() => {\n    BrowseToCorrectYearsPanel();\n  });\n}\nfunction BrowseToCorrectYearsPanel() {\n  cy.get('@yearsPanel').first().then($year => {\n    if (futureYear < Number($year.text())) {\n      cy.log(\"Selecting previous years panel: first year \" + $year.text() + \" > \" + futureYear);\n      selectPreviousYearsPanel();\n      BrowseToCorrectYearsPanel();\n    }\n  });\n  cy.get('@yearsPanel').last().then($year => {\n    if (futureYear > Number($year.text())) {\n      cy.log(\"Selecting next years panel: last year \" + $year.text() + \" < \" + futureYear);\n      selectNextYearsPanel();\n      BrowseToCorrectYearsPanel();\n    }\n  });\n}\nfunction selectNextYearsPanel() {\n  cy.get('@nextYear').click();\n}\nfunction selectPreviousYearsPanel() {\n  cy.get('@previousYear').click();\n}\nfunction goToMonthsPanel() {\n  cy.get('@daysPanelHeader').click();\n  cy.get('@monthsPanel').should('be.visible');\n}\n//#endregion",
              "err": {},
              "uuid": "595828ad-517c-4d20-9fc8-56236f29cf25",
              "parentUUID": "6f653c83-a6ca-45a5-bc07-ef195ba0637c",
              "isHook": false,
              "skipped": false
            }
          ],
          "suites": [],
          "passes": [
            "595828ad-517c-4d20-9fc8-56236f29cf25"
          ],
          "failures": [],
          "pending": [],
          "skipped": [],
          "duration": 2111,
          "root": false,
          "rootEmpty": false,
          "_timeout": 2000
        }
      ],
      "passes": [],
      "failures": [],
      "pending": [],
      "skipped": [],
      "duration": 0,
      "root": true,
      "rootEmpty": true,
      "_timeout": 2000
    },
    {
      "uuid": "1dc33817-01af-48dc-a96f-244d0849757d",
      "title": "",
      "fullFile": "cypress\\e2e\\webdriver-uni\\file-upload.test.js",
      "file": "cypress\\e2e\\webdriver-uni\\file-upload.test.js",
      "beforeHooks": [],
      "afterHooks": [],
      "tests": [],
      "suites": [
        {
          "uuid": "d8d4f79a-3cc4-42fa-a78d-5158180ba7c5",
          "title": "Test fileupload via webdriveruni",
          "fullFile": "",
          "file": "",
          "beforeHooks": [],
          "afterHooks": [],
          "tests": [
            {
              "title": "uploads a file",
              "fullTitle": "Test fileupload via webdriveruni uploads a file",
              "timedOut": null,
              "duration": 1183,
              "state": "passed",
              "speed": "fast",
              "pass": true,
              "fail": false,
              "pending": false,
              "context": null,
              "code": "cy.get(\"#myFile\").selectFile('cypress/fixtures/laptop.png');\ncy.get(\"#submit-button\").click();\n//modify the alert event triggered on upload to validate the upload\ncy.on('window:alert', str => {\n  expect(str).to.equal('Your file has now been uploaded!');\n});",
              "err": {},
              "uuid": "95da012a-b6d9-4a16-ac20-58d0356aef66",
              "parentUUID": "d8d4f79a-3cc4-42fa-a78d-5158180ba7c5",
              "isHook": false,
              "skipped": false
            },
            {
              "title": "does not upload file",
              "fullTitle": "Test fileupload via webdriveruni does not upload file",
              "timedOut": null,
              "duration": 390,
              "state": "passed",
              "speed": "fast",
              "pass": true,
              "fail": false,
              "pending": false,
              "context": null,
              "code": "cy.get(\"#submit-button\").click();\ncy.on('window:alert', str => {\n  expect(str).to.equal('You need to select a file to upload!');\n});",
              "err": {},
              "uuid": "31435bee-448f-42f0-8b3d-b762dc677967",
              "parentUUID": "d8d4f79a-3cc4-42fa-a78d-5158180ba7c5",
              "isHook": false,
              "skipped": false
            }
          ],
          "suites": [],
          "passes": [
            "95da012a-b6d9-4a16-ac20-58d0356aef66",
            "31435bee-448f-42f0-8b3d-b762dc677967"
          ],
          "failures": [],
          "pending": [],
          "skipped": [],
          "duration": 1573,
          "root": false,
          "rootEmpty": false,
          "_timeout": 2000
        }
      ],
      "passes": [],
      "failures": [],
      "pending": [],
      "skipped": [],
      "duration": 0,
      "root": true,
      "rootEmpty": true,
      "_timeout": 2000
    },
    {
      "uuid": "20e0fdea-e7a0-4f13-809d-9434f6cdaa0a",
      "title": "",
      "fullFile": "cypress\\e2e\\webdriver-uni\\iframe.test.js",
      "file": "cypress\\e2e\\webdriver-uni\\iframe.test.js",
      "beforeHooks": [],
      "afterHooks": [],
      "tests": [],
      "suites": [
        {
          "uuid": "f4bc5856-51c7-43e3-a8b0-c1e525d0fed3",
          "title": "Handling Iframes & Modals",
          "fullFile": "",
          "file": "",
          "beforeHooks": [],
          "afterHooks": [],
          "tests": [
            {
              "title": "handles webdriveruni iframe and modal",
              "fullTitle": "Handling Iframes & Modals handles webdriveruni iframe and modal",
              "timedOut": null,
              "duration": 6141,
              "state": "passed",
              "speed": "medium",
              "pass": true,
              "fail": false,
              "pending": false,
              "context": null,
              "code": "cy.visit(Cypress.env('webdriveruniversityBaseUrl'));\ncy.get(\"#iframe\").invoke('removeAttr', 'target').click({\n  force: true\n});\ncy.get('#frame').then($iframe => {\n  cy.wait(5000);\n  const body = $iframe.contents().find('body');\n  cy.wrap(body).as('iframe');\n});\ncy.get('@iframe').find('#button-find-out-more').click();\ncy.get('@iframe').find('#myModal').as('modal');\ncy.get('@modal').should($expectedText => {\n  const text = $expectedText.text();\n  expect(text).to.include('Welcome to webdriveruniversity.com we sell a wide range of electrical goods such as laptops, game consoles, cameras...');\n});\ncy.get('@modal').contains('Close').click();",
              "err": {},
              "uuid": "7094c87b-defd-415e-9569-1ae4614ab9fc",
              "parentUUID": "f4bc5856-51c7-43e3-a8b0-c1e525d0fed3",
              "isHook": false,
              "skipped": false
            }
          ],
          "suites": [],
          "passes": [
            "7094c87b-defd-415e-9569-1ae4614ab9fc"
          ],
          "failures": [],
          "pending": [],
          "skipped": [],
          "duration": 6141,
          "root": false,
          "rootEmpty": false,
          "_timeout": 2000
        }
      ],
      "passes": [],
      "failures": [],
      "pending": [],
      "skipped": [],
      "duration": 0,
      "root": true,
      "rootEmpty": true,
      "_timeout": 2000
    },
    {
      "uuid": "ac05f4b0-8242-4362-b590-05f39959d91b",
      "title": "",
      "fullFile": "cypress\\e2e\\webdriver-uni\\js-alert.test.js",
      "file": "cypress\\e2e\\webdriver-uni\\js-alert.test.js",
      "beforeHooks": [],
      "afterHooks": [],
      "tests": [],
      "suites": [
        {
          "uuid": "78888afb-83cf-46a2-aa1b-dbcb746dd454",
          "title": "Handle js alerts",
          "fullFile": "",
          "file": "",
          "beforeHooks": [],
          "afterHooks": [],
          "tests": [
            {
              "title": "Confirm Js alert contains the correct text",
              "fullTitle": "Handle js alerts Confirm Js alert contains the correct text",
              "timedOut": null,
              "duration": 949,
              "state": "passed",
              "speed": "fast",
              "pass": true,
              "fail": false,
              "pending": false,
              "context": null,
              "code": "cy.visit(Cypress.env('webdriveruniversityBaseUrl'));\ncy.get(\"#popup-alerts\").invoke('removeAttr', 'target').click();\ncy.get(\"#button1\").click();\ncy.on('window:alert', str => {\n  expect(str).to.equal('I am an alert box!');\n});",
              "err": {},
              "uuid": "eb659855-19d4-4156-9a2c-302a1f1dab22",
              "parentUUID": "78888afb-83cf-46a2-aa1b-dbcb746dd454",
              "isHook": false,
              "skipped": false
            },
            {
              "title": "Validate Js confirm box works when clicking ok",
              "fullTitle": "Handle js alerts Validate Js confirm box works when clicking ok",
              "timedOut": null,
              "duration": 374,
              "state": "passed",
              "speed": "fast",
              "pass": true,
              "fail": false,
              "pending": false,
              "context": null,
              "code": "cy.visit(Cypress.env('webdriveruniversityBaseUrl'));\ncy.get(\"#popup-alerts\").invoke('removeAttr', 'target').click();\ncy.get(\"#button4\").click();\ncy.on('window:confirm', str => {\n  return true;\n});\ncy.get(\"#confirm-alert-text\").contains('You pressed OK!');",
              "err": {},
              "uuid": "9bf72981-8794-43ae-b9a0-f4c43115ffc2",
              "parentUUID": "78888afb-83cf-46a2-aa1b-dbcb746dd454",
              "isHook": false,
              "skipped": false
            },
            {
              "title": "Validate Js confirm box works when clicking cancel",
              "fullTitle": "Handle js alerts Validate Js confirm box works when clicking cancel",
              "timedOut": null,
              "duration": 317,
              "state": "passed",
              "speed": "fast",
              "pass": true,
              "fail": false,
              "pending": false,
              "context": null,
              "code": "cy.visit(Cypress.env('webdriveruniversityBaseUrl'));\ncy.get(\"#popup-alerts\").invoke('removeAttr', 'target').click();\ncy.get(\"#button4\").click();\ncy.on('window:confirm', str => {\n  return false;\n});\ncy.get(\"#confirm-alert-text\").contains('You pressed Cancel!');",
              "err": {},
              "uuid": "0a2879b0-597d-4b35-90cc-946dc69169d0",
              "parentUUID": "78888afb-83cf-46a2-aa1b-dbcb746dd454",
              "isHook": false,
              "skipped": false
            },
            {
              "title": "Validate js confirm alert box using a stub",
              "fullTitle": "Handle js alerts Validate js confirm alert box using a stub",
              "timedOut": null,
              "duration": 303,
              "state": "passed",
              "speed": "fast",
              "pass": true,
              "fail": false,
              "pending": false,
              "context": null,
              "code": "cy.visit(Cypress.env('webdriveruniversityBaseUrl'));\ncy.get(\"#popup-alerts\").invoke('removeAttr', 'target').click();\nconst stub = cy.stub();\ncy.on('window:confirm', stub);\ncy.get(\"#button4\").click().then(() => {\n  expect(stub.getCall(0)).to.be.calledWith('Press a button!');\n}).then(() => {\n  return true;\n}).then(() => {\n  cy.get(\"#confirm-alert-text\").contains('You pressed OK!');\n});",
              "err": {},
              "uuid": "d6b83a49-dc43-4b78-915e-1980f65fca42",
              "parentUUID": "78888afb-83cf-46a2-aa1b-dbcb746dd454",
              "isHook": false,
              "skipped": false
            }
          ],
          "suites": [],
          "passes": [
            "eb659855-19d4-4156-9a2c-302a1f1dab22",
            "9bf72981-8794-43ae-b9a0-f4c43115ffc2",
            "0a2879b0-597d-4b35-90cc-946dc69169d0",
            "d6b83a49-dc43-4b78-915e-1980f65fca42"
          ],
          "failures": [],
          "pending": [],
          "skipped": [],
          "duration": 1943,
          "root": false,
          "rootEmpty": false,
          "_timeout": 2000
        }
      ],
      "passes": [],
      "failures": [],
      "pending": [],
      "skipped": [],
      "duration": 0,
      "root": true,
      "rootEmpty": true,
      "_timeout": 2000
    },
    {
      "uuid": "f67e0b93-ca63-408e-ba6d-0b59ed91de32",
      "title": "",
      "fullFile": "cypress\\e2e\\webdriver-uni\\mouse-actions.test.js",
      "file": "cypress\\e2e\\webdriver-uni\\mouse-actions.test.js",
      "beforeHooks": [],
      "afterHooks": [],
      "tests": [],
      "suites": [
        {
          "uuid": "f6abc859-1994-431b-93d5-d88c5858e84a",
          "title": "how to handle mouse events",
          "fullFile": "",
          "file": "",
          "beforeHooks": [],
          "afterHooks": [],
          "tests": [
            {
              "title": "drags and drops an element",
              "fullTitle": "how to handle mouse events drags and drops an element",
              "timedOut": null,
              "duration": 923,
              "state": "passed",
              "speed": "fast",
              "pass": true,
              "fail": false,
              "pending": false,
              "context": null,
              "code": "cy.get('#draggable').trigger('mousedown', {\n  button: 0\n});\ncy.get('#droppable').trigger('mousemove').trigger('mouseup', {\n  button: 0,\n  force: true\n});",
              "err": {},
              "uuid": "fd63f3e6-c2a6-41a8-86b0-140fd93e54aa",
              "parentUUID": "f6abc859-1994-431b-93d5-d88c5858e84a",
              "isHook": false,
              "skipped": false
            },
            {
              "title": "double clicks an element",
              "fullTitle": "how to handle mouse events double clicks an element",
              "timedOut": null,
              "duration": 457,
              "state": "passed",
              "speed": "fast",
              "pass": true,
              "fail": false,
              "pending": false,
              "context": null,
              "code": "cy.get('#double-click').dblclick();",
              "err": {},
              "uuid": "7b6b1c0b-605a-465b-8ea7-aa16a94f9f1b",
              "parentUUID": "f6abc859-1994-431b-93d5-d88c5858e84a",
              "isHook": false,
              "skipped": false
            },
            {
              "title": "clicks and holds an element",
              "fullTitle": "how to handle mouse events clicks and holds an element",
              "timedOut": null,
              "duration": 250,
              "state": "passed",
              "speed": "fast",
              "pass": true,
              "fail": false,
              "pending": false,
              "context": null,
              "code": "cy.get('#click-box').trigger('mousedown', {\n  button: 0\n}).then($element => {\n  expect($element).to.have.css('background-color', 'rgb(0, 255, 0)');\n});",
              "err": {},
              "uuid": "0062fd11-c449-4827-b594-5d96d38c40ce",
              "parentUUID": "f6abc859-1994-431b-93d5-d88c5858e84a",
              "isHook": false,
              "skipped": false
            },
            {
              "title": "overs element then click on ddl's option through cypress real event",
              "fullTitle": "how to handle mouse events overs element then click on ddl's option through cypress real event",
              "timedOut": null,
              "duration": 441,
              "state": "passed",
              "speed": "fast",
              "pass": true,
              "fail": false,
              "pending": false,
              "context": null,
              "code": "cy.on('window:alert', str => {\n  expect(str).to.equal('Well done you clicked on the link!');\n});\ncy.get('#div-hover .dropdown').each(($el, index) => {\n  // cy.wrap($el).realHover() //chrome only\n  if (index != 2) {\n    cy.wrap($el).find('.dropdown-content a').click({\n      force: true\n    });\n    // cy.wrap($el).find('.dropdown-content a').click() // chrome only\n  } else {\n    cy.wrap($el).find('.dropdown-content a').eq(1).click({\n      force: true\n    });\n    // cy.wrap($el).find('.dropdown-content a').eq(1).click() // chrome only\n  }\n});",
              "err": {},
              "uuid": "16e0df5b-b111-4b3a-aa1c-d9f033bf7e60",
              "parentUUID": "f6abc859-1994-431b-93d5-d88c5858e84a",
              "isHook": false,
              "skipped": false
            },
            {
              "title": "overs element then click on ddl's option through cypress built-in solution",
              "fullTitle": "how to handle mouse events overs element then click on ddl's option through cypress built-in solution",
              "timedOut": null,
              "duration": 524,
              "state": "passed",
              "speed": "fast",
              "pass": true,
              "fail": false,
              "pending": false,
              "context": null,
              "code": "cy.on('window:alert', str => {\n  expect(str).to.equal('Well done you clicked on the link!');\n});\ncy.get('#div-hover .dropdown').each(($el, index) => {\n  if (index != 2) {\n    cy.wrap($el).find('.dropdown-content a').click({\n      force: true\n    });\n  } else {\n    cy.wrap($el).find('.dropdown-content a').eq(1).click({\n      force: true\n    });\n  }\n});",
              "err": {},
              "uuid": "d5881d0c-4387-47dc-9e8b-3794ba66abe7",
              "parentUUID": "f6abc859-1994-431b-93d5-d88c5858e84a",
              "isHook": false,
              "skipped": false
            }
          ],
          "suites": [],
          "passes": [
            "fd63f3e6-c2a6-41a8-86b0-140fd93e54aa",
            "7b6b1c0b-605a-465b-8ea7-aa16a94f9f1b",
            "0062fd11-c449-4827-b594-5d96d38c40ce",
            "16e0df5b-b111-4b3a-aa1c-d9f033bf7e60",
            "d5881d0c-4387-47dc-9e8b-3794ba66abe7"
          ],
          "failures": [],
          "pending": [],
          "skipped": [],
          "duration": 2595,
          "root": false,
          "rootEmpty": false,
          "_timeout": 2000
        }
      ],
      "passes": [],
      "failures": [],
      "pending": [],
      "skipped": [],
      "duration": 0,
      "root": true,
      "rootEmpty": true,
      "_timeout": 2000
    },
    {
      "uuid": "7a0eb909-ad22-4f12-bc05-67f0b08e5f90",
      "title": "",
      "fullFile": "cypress\\e2e\\webdriver-uni\\select-dropdown-list.test.js",
      "file": "cypress\\e2e\\webdriver-uni\\select-dropdown-list.test.js",
      "beforeHooks": [],
      "afterHooks": [],
      "tests": [],
      "suites": [
        {
          "uuid": "6f2e6cf3-cb4c-4cf8-a44c-62189e80d2ea",
          "title": "how to handle dropdown list",
          "fullFile": "",
          "file": "",
          "beforeHooks": [],
          "afterHooks": [],
          "tests": [
            {
              "title": "selects dropdown list by visible text",
              "fullTitle": "how to handle dropdown list selects dropdown list by visible text",
              "timedOut": null,
              "duration": 839,
              "state": "passed",
              "speed": "fast",
              "pass": true,
              "fail": false,
              "pending": false,
              "context": null,
              "code": "cy.get('#dropdowm-menu-1').select('C#');",
              "err": {},
              "uuid": "cba4e942-e380-49af-be48-8d8faca99366",
              "parentUUID": "6f2e6cf3-cb4c-4cf8-a44c-62189e80d2ea",
              "isHook": false,
              "skipped": false
            },
            {
              "title": "selects dropdown list by value",
              "fullTitle": "how to handle dropdown list selects dropdown list by value",
              "timedOut": null,
              "duration": 491,
              "state": "passed",
              "speed": "fast",
              "pass": true,
              "fail": false,
              "pending": false,
              "context": null,
              "code": "cy.get('#dropdowm-menu-2').select('testng').should('have.value', 'testng');",
              "err": {},
              "uuid": "2ca785b4-cd18-4568-a6d1-010d210091fb",
              "parentUUID": "6f2e6cf3-cb4c-4cf8-a44c-62189e80d2ea",
              "isHook": false,
              "skipped": false
            },
            {
              "title": "selects dropdown list by index",
              "fullTitle": "how to handle dropdown list selects dropdown list by index",
              "timedOut": null,
              "duration": 392,
              "state": "passed",
              "speed": "fast",
              "pass": true,
              "fail": false,
              "pending": false,
              "context": null,
              "code": "cy.get('#dropdowm-menu-3').select(2).should('have.value', 'javascript');",
              "err": {},
              "uuid": "9bd35428-cd48-492a-911b-8742ffc3d4e2",
              "parentUUID": "6f2e6cf3-cb4c-4cf8-a44c-62189e80d2ea",
              "isHook": false,
              "skipped": false
            }
          ],
          "suites": [],
          "passes": [
            "cba4e942-e380-49af-be48-8d8faca99366",
            "2ca785b4-cd18-4568-a6d1-010d210091fb",
            "9bd35428-cd48-492a-911b-8742ffc3d4e2"
          ],
          "failures": [],
          "pending": [],
          "skipped": [],
          "duration": 1722,
          "root": false,
          "rootEmpty": false,
          "_timeout": 2000
        }
      ],
      "passes": [],
      "failures": [],
      "pending": [],
      "skipped": [],
      "duration": 0,
      "root": true,
      "rootEmpty": true,
      "_timeout": 2000
    },
    {
      "uuid": "988c7669-a85a-4459-a7b2-25228c595435",
      "title": "",
      "fullFile": "cypress\\e2e\\webdriver-uni\\selector.test.js",
      "file": "cypress\\e2e\\webdriver-uni\\selector.test.js",
      "beforeHooks": [],
      "afterHooks": [],
      "tests": [],
      "suites": [
        {
          "uuid": "4cc1fee3-bc37-4106-9054-65df4c96b315",
          "title": "Selector examples",
          "fullFile": "",
          "file": "",
          "beforeHooks": [],
          "afterHooks": [],
          "tests": [
            {
              "title": "Examples of Selectors via WebdriverUni Contact Us Page",
              "fullTitle": "Selector examples Examples of Selectors via WebdriverUni Contact Us Page",
              "timedOut": null,
              "duration": 364,
              "state": "passed",
              "speed": "fast",
              "pass": true,
              "fail": false,
              "pending": false,
              "context": null,
              "code": "cy.visit(Cypress.env('webdriveruniversityBaseUrl') + \"Contact-Us/contactus.html\");\n// By Tag Name\ncy.get('input');\n//By attribute name and value\ncy.get('input[name=\"first_name\"]');\n//By ID\ncy.get('#contact_me');\n//By Class\ncy.get('.feedback-input');\n//By multiple classes\ncy.get('.navbar.navbar-inverse');\n//By two different attributes\ncy.get('input[name=\"first_name\"][placeholder=\"First Name\"]');\n//By xpath\ncy.xpath('//input[@name=\"first_name\"]');\n//By CSS\ncy.get('input[name=\"first_name\"][placeholder=\"First Name\"]');\n//By Text\ncy.contains('CONTACT US');",
              "err": {},
              "uuid": "93bc6b8b-1b0b-4d94-a134-306dbbefd600",
              "parentUUID": "4cc1fee3-bc37-4106-9054-65df4c96b315",
              "isHook": false,
              "skipped": false
            }
          ],
          "suites": [],
          "passes": [
            "93bc6b8b-1b0b-4d94-a134-306dbbefd600"
          ],
          "failures": [],
          "pending": [],
          "skipped": [],
          "duration": 364,
          "root": false,
          "rootEmpty": false,
          "_timeout": 2000
        }
      ],
      "passes": [],
      "failures": [],
      "pending": [],
      "skipped": [],
      "duration": 0,
      "root": true,
      "rootEmpty": true,
      "_timeout": 2000
    },
    {
      "uuid": "3cd1fe7a-89f0-4a14-8c50-d73c8bcba231",
      "title": "",
      "fullFile": "cypress\\e2e\\webdriver-uni\\traversing-elements.test.js",
      "file": "cypress\\e2e\\webdriver-uni\\traversing-elements.test.js",
      "beforeHooks": [],
      "afterHooks": [],
      "tests": [],
      "suites": [
        {
          "uuid": "39d4b330-b6e6-4731-9122-810363c4a29e",
          "title": "Traversing DOM elements in Cypress",
          "fullFile": "",
          "file": "",
          "beforeHooks": [],
          "afterHooks": [],
          "tests": [
            {
              "title": "children() to get the children of DOM elements",
              "fullTitle": "Traversing DOM elements in Cypress children() to get the children of DOM elements",
              "timedOut": null,
              "duration": 565,
              "state": "passed",
              "speed": "fast",
              "pass": true,
              "fail": false,
              "pending": false,
              "context": null,
              "code": "cy.get(\".traversal-breadcrumb\").children(\".active\").should(\"contain\", \"Contact Us\");",
              "err": {},
              "uuid": "d3dddf6d-8b1c-4f26-aaa0-0f1a9fc3b870",
              "parentUUID": "39d4b330-b6e6-4731-9122-810363c4a29e",
              "isHook": false,
              "skipped": false
            },
            {
              "title": "closest() to validate the closest ancestor DOM element",
              "fullTitle": "Traversing DOM elements in Cypress closest() to validate the closest ancestor DOM element",
              "timedOut": null,
              "duration": 323,
              "state": "passed",
              "speed": "fast",
              "pass": true,
              "fail": false,
              "pending": false,
              "context": null,
              "code": "cy.get(\".traversal-badge\").closest(\"ul\").should(\"have.class\", \"list-group\");",
              "err": {},
              "uuid": "bb7b9487-e1df-4448-b8b2-9724be45f0f1",
              "parentUUID": "39d4b330-b6e6-4731-9122-810363c4a29e",
              "isHook": false,
              "skipped": false
            },
            {
              "title": "eq() to retrieve a specific element based on index",
              "fullTitle": "Traversing DOM elements in Cypress eq() to retrieve a specific element based on index",
              "timedOut": null,
              "duration": 258,
              "state": "passed",
              "speed": "fast",
              "pass": true,
              "fail": false,
              "pending": false,
              "context": null,
              "code": "cy.get(\".traversal-drinks-list > *\").eq(2).should(\"contain\", \"Milk\");",
              "err": {},
              "uuid": "7071e3f4-0403-4470-aaf2-9923ff2823e9",
              "parentUUID": "39d4b330-b6e6-4731-9122-810363c4a29e",
              "isHook": false,
              "skipped": false
            },
            {
              "title": "filter() to retrieve DOM elements that match a specific selector",
              "fullTitle": "Traversing DOM elements in Cypress filter() to retrieve DOM elements that match a specific selector",
              "timedOut": null,
              "duration": 235,
              "state": "passed",
              "speed": "fast",
              "pass": true,
              "fail": false,
              "pending": false,
              "context": null,
              "code": "cy.get(\".btn-group-toggle > *\").filter(\".active\").should(\"contain\", \"Button-1\");",
              "err": {},
              "uuid": "73de06ce-aa84-4406-aa4d-4774dec39d5c",
              "parentUUID": "39d4b330-b6e6-4731-9122-810363c4a29e",
              "isHook": false,
              "skipped": false
            },
            {
              "title": "find() to retrieve DOM elements of a given selector",
              "fullTitle": "Traversing DOM elements in Cypress find() to retrieve DOM elements of a given selector",
              "timedOut": null,
              "duration": 392,
              "state": "passed",
              "speed": "fast",
              "pass": true,
              "fail": false,
              "pending": false,
              "context": null,
              "code": "cy.get(\".traversal-pagination\").find(\"li\").find(\"a\").should(\"have.length\", 7);",
              "err": {},
              "uuid": "a9f6e07e-7d16-42a7-b1e7-21ce7d49144e",
              "parentUUID": "39d4b330-b6e6-4731-9122-810363c4a29e",
              "isHook": false,
              "skipped": false
            },
            {
              "title": "first() to retrieve the first DOM element within elements ",
              "fullTitle": "Traversing DOM elements in Cypress first() to retrieve the first DOM element within elements ",
              "timedOut": null,
              "duration": 362,
              "state": "passed",
              "speed": "fast",
              "pass": true,
              "fail": false,
              "pending": false,
              "context": null,
              "code": "cy.get(\".traversal-table > tbody > tr > td\").first().should(\"contain\", \"Andy\");",
              "err": {},
              "uuid": "8c546306-5b44-4a8d-8714-1619df76a4eb",
              "parentUUID": "39d4b330-b6e6-4731-9122-810363c4a29e",
              "isHook": false,
              "skipped": false
            },
            {
              "title": "last() to retrieve the last DOM element within elements",
              "fullTitle": "Traversing DOM elements in Cypress last() to retrieve the last DOM element within elements",
              "timedOut": null,
              "duration": 351,
              "state": "passed",
              "speed": "fast",
              "pass": true,
              "fail": false,
              "pending": false,
              "context": null,
              "code": "cy.get(\".traversal-table > tbody > tr > td\").last().should(\"contain\", \"Scott\");",
              "err": {},
              "uuid": "91777f33-8d84-42ac-b821-9ff8bbc6cd67",
              "parentUUID": "39d4b330-b6e6-4731-9122-810363c4a29e",
              "isHook": false,
              "skipped": false
            },
            {
              "title": "nextAll() to get all of the next sibling DOM elements within elements",
              "fullTitle": "Traversing DOM elements in Cypress nextAll() to get all of the next sibling DOM elements within elements",
              "timedOut": null,
              "duration": 236,
              "state": "passed",
              "speed": "fast",
              "pass": true,
              "fail": false,
              "pending": false,
              "context": null,
              "code": "cy.get(\".traversal-drinks-list\").contains(\"Tea\").nextAll().should(\"have.length\", 3);",
              "err": {},
              "uuid": "390a20d0-0bc1-41f7-83af-b2394574b0ae",
              "parentUUID": "39d4b330-b6e6-4731-9122-810363c4a29e",
              "isHook": false,
              "skipped": false
            },
            {
              "title": "nextUntil() to get all of the next sibling DOM elements within elements until another element",
              "fullTitle": "Traversing DOM elements in Cypress nextUntil() to get all of the next sibling DOM elements within elements until another element",
              "timedOut": null,
              "duration": 235,
              "state": "passed",
              "speed": "fast",
              "pass": true,
              "fail": false,
              "pending": false,
              "context": null,
              "code": "cy.get(\"#coffee\").nextUntil(\"#milk\").should(\"have.length\", 1);",
              "err": {},
              "uuid": "621aa180-c8a1-495f-aca9-907302530f1f",
              "parentUUID": "39d4b330-b6e6-4731-9122-810363c4a29e",
              "isHook": false,
              "skipped": false
            },
            {
              "title": "not() to remove DOM element(s) from the set of elements",
              "fullTitle": "Traversing DOM elements in Cypress not() to remove DOM element(s) from the set of elements",
              "timedOut": null,
              "duration": 306,
              "state": "passed",
              "speed": "fast",
              "pass": true,
              "fail": false,
              "pending": false,
              "context": null,
              "code": "cy.get(\".traversal-button-states > button\").not(\".disabled\").should(\"not.have.class\", \"disabled\");",
              "err": {},
              "uuid": "8f3109c0-4b3b-4ae7-9d36-75924ba53dab",
              "parentUUID": "39d4b330-b6e6-4731-9122-810363c4a29e",
              "isHook": false,
              "skipped": false
            },
            {
              "title": "parent() To get parent DOM element of elements",
              "fullTitle": "Traversing DOM elements in Cypress parent() To get parent DOM element of elements",
              "timedOut": null,
              "duration": 250,
              "state": "passed",
              "speed": "fast",
              "pass": true,
              "fail": false,
              "pending": false,
              "context": null,
              "code": "cy.get(\".traversal-mark\").parent().should(\"contain\", \"Lorem ipsum dolor sit amet\");",
              "err": {},
              "uuid": "0f8ad8e1-240b-414e-bdfd-12993c83de26",
              "parentUUID": "39d4b330-b6e6-4731-9122-810363c4a29e",
              "isHook": false,
              "skipped": false
            },
            {
              "title": "parents() to get parents DOM element of elements",
              "fullTitle": "Traversing DOM elements in Cypress parents() to get parents DOM element of elements",
              "timedOut": null,
              "duration": 279,
              "state": "passed",
              "speed": "fast",
              "pass": true,
              "fail": false,
              "pending": false,
              "context": null,
              "code": "cy.get(\".traversal-cite\").parents().should(\"match\", \"blockquote\");",
              "err": {},
              "uuid": "160bdf90-f531-48a2-8955-5b3d764b641f",
              "parentUUID": "39d4b330-b6e6-4731-9122-810363c4a29e",
              "isHook": false,
              "skipped": false
            },
            {
              "title": "prev() to get the previous sibling DOM element within elements",
              "fullTitle": "Traversing DOM elements in Cypress prev() to get the previous sibling DOM element within elements",
              "timedOut": null,
              "duration": 244,
              "state": "passed",
              "speed": "fast",
              "pass": true,
              "fail": false,
              "pending": false,
              "context": null,
              "code": "cy.get(\"#sugar\").prev().should(\"contain\", \"Espresso\");",
              "err": {},
              "uuid": "b78dd3fc-4bd3-4f5d-95d6-b1aaf4fe2ff4",
              "parentUUID": "39d4b330-b6e6-4731-9122-810363c4a29e",
              "isHook": false,
              "skipped": false
            },
            {
              "title": "prevAll() to get all previous sibling DOM elements within elements",
              "fullTitle": "Traversing DOM elements in Cypress prevAll() to get all previous sibling DOM elements within elements",
              "timedOut": null,
              "duration": 271,
              "state": "passed",
              "speed": "fast",
              "pass": true,
              "fail": false,
              "pending": false,
              "context": null,
              "code": "cy.get(\".sales\").prevAll().should(\"have.length\", 2);",
              "err": {},
              "uuid": "dbf51dab-295d-4f50-af7d-ee1d4d501a70",
              "parentUUID": "39d4b330-b6e6-4731-9122-810363c4a29e",
              "isHook": false,
              "skipped": false
            },
            {
              "title": "prevUntil() to get all previous sibling DOM elements within elements until other element",
              "fullTitle": "Traversing DOM elements in Cypress prevUntil() to get all previous sibling DOM elements within elements until other element",
              "timedOut": null,
              "duration": 254,
              "state": "passed",
              "speed": "fast",
              "pass": true,
              "fail": false,
              "pending": false,
              "context": null,
              "code": "cy.get(\"#veggie\").prevUntil(\"#fruits\").should(\"have.length\", 5);",
              "err": {},
              "uuid": "6fcc6a82-5e3b-4e8d-8fbc-95b221c5ca39",
              "parentUUID": "39d4b330-b6e6-4731-9122-810363c4a29e",
              "isHook": false,
              "skipped": false
            },
            {
              "title": "siblings() To get all sibling DOM elements of elements",
              "fullTitle": "Traversing DOM elements in Cypress siblings() To get all sibling DOM elements of elements",
              "timedOut": null,
              "duration": 252,
              "state": "passed",
              "speed": "fast",
              "pass": true,
              "fail": false,
              "pending": false,
              "context": null,
              "code": "cy.get(\".traversal-button-other-states .active\").siblings().should(\"have.length\", 3);",
              "err": {},
              "uuid": "f9f06987-3d14-42a8-bd93-77cb1f20fde4",
              "parentUUID": "39d4b330-b6e6-4731-9122-810363c4a29e",
              "isHook": false,
              "skipped": false
            }
          ],
          "suites": [],
          "passes": [
            "d3dddf6d-8b1c-4f26-aaa0-0f1a9fc3b870",
            "bb7b9487-e1df-4448-b8b2-9724be45f0f1",
            "7071e3f4-0403-4470-aaf2-9923ff2823e9",
            "73de06ce-aa84-4406-aa4d-4774dec39d5c",
            "a9f6e07e-7d16-42a7-b1e7-21ce7d49144e",
            "8c546306-5b44-4a8d-8714-1619df76a4eb",
            "91777f33-8d84-42ac-b821-9ff8bbc6cd67",
            "390a20d0-0bc1-41f7-83af-b2394574b0ae",
            "621aa180-c8a1-495f-aca9-907302530f1f",
            "8f3109c0-4b3b-4ae7-9d36-75924ba53dab",
            "0f8ad8e1-240b-414e-bdfd-12993c83de26",
            "160bdf90-f531-48a2-8955-5b3d764b641f",
            "b78dd3fc-4bd3-4f5d-95d6-b1aaf4fe2ff4",
            "dbf51dab-295d-4f50-af7d-ee1d4d501a70",
            "6fcc6a82-5e3b-4e8d-8fbc-95b221c5ca39",
            "f9f06987-3d14-42a8-bd93-77cb1f20fde4"
          ],
          "failures": [],
          "pending": [],
          "skipped": [],
          "duration": 4813,
          "root": false,
          "rootEmpty": false,
          "_timeout": 2000
        }
      ],
      "passes": [],
      "failures": [],
      "pending": [],
      "skipped": [],
      "duration": 0,
      "root": true,
      "rootEmpty": true,
      "_timeout": 2000
    },
    {
      "uuid": "e49f1488-a4ed-43ac-bd2d-d86d489e1ee9",
      "title": "",
      "fullFile": "cypress\\e2e\\automation-test-store\\add-multiple-items-tobaskets.test.js",
      "file": "cypress\\e2e\\automation-test-store\\add-multiple-items-tobaskets.test.js",
      "beforeHooks": [],
      "afterHooks": [],
      "tests": [],
      "suites": [
        {
          "uuid": "59467b67-ff2e-42a1-b233-2e0d5e7de176",
          "title": "Add multiple items to basket",
          "fullFile": "",
          "file": "",
          "beforeHooks": [],
          "afterHooks": [],
          "tests": [
            {
              "title": "Add specific items to basket",
              "fullTitle": "Add multiple items to basket Add specific items to basket",
              "timedOut": null,
              "duration": 3674,
              "state": "passed",
              "speed": "fast",
              "pass": true,
              "fail": false,
              "pending": false,
              "context": null,
              "code": "autoStoreHairCarePO.addProductToBasket();",
              "err": {},
              "uuid": "04c18014-bdba-48af-b956-8eadea0fbc3f",
              "parentUUID": "59467b67-ff2e-42a1-b233-2e0d5e7de176",
              "isHook": false,
              "skipped": false
            }
          ],
          "suites": [],
          "passes": [
            "04c18014-bdba-48af-b956-8eadea0fbc3f"
          ],
          "failures": [],
          "pending": [],
          "skipped": [],
          "duration": 3674,
          "root": false,
          "rootEmpty": false,
          "_timeout": 2000
        }
      ],
      "passes": [],
      "failures": [],
      "pending": [],
      "skipped": [],
      "duration": 0,
      "root": true,
      "rootEmpty": true,
      "_timeout": 2000
    }
  ],
  "meta": {
    "mocha": {
      "version": "7.0.1"
    },
    "mochawesome": {
      "options": {
        "quiet": false,
        "reportFilename": "mochawesome",
        "saveHtml": false,
        "saveJson": true,
        "consoleReporter": "spec",
        "useInlineDiffs": false,
        "code": true
      },
      "version": "7.1.3"
    },
    "marge": {
      "options": {
        "id": "default",
        "reportDir": "cypress/results/mochawesome",
        "quite": true,
        "overwrite": false,
        "html": false,
        "json": true
      },
      "version": "6.2.0"
    }
  }
}