{
  "stats": {
    "suites": 19,
    "tests": 60,
    "passes": 60,
    "pending": 0,
    "failures": 0,
    "testsRegistered": 60,
    "passPercent": 100,
    "pendingPercent": 0,
    "other": 0,
    "hasOther": false,
    "skipped": 0,
    "hasSkipped": false,
    "start": "2024-03-01T17:22:11.454Z",
    "end": "2024-03-01T17:24:01.995Z",
    "duration": 110541
  },
  "results": [
    {
      "uuid": "01cede72-0022-4d5f-8da3-2b7089972940",
      "title": "",
      "fullFile": "cypress\\e2e\\automation-test-store\\Alias-invoke.test.js",
      "file": "cypress\\e2e\\automation-test-store\\Alias-invoke.test.js",
      "beforeHooks": [],
      "afterHooks": [],
      "tests": [],
      "suites": [
        {
          "uuid": "0ce684da-20e1-4a33-af9b-fced3d054d62",
          "title": "Alias and Invoke",
          "fullFile": "",
          "file": "",
          "beforeHooks": [],
          "afterHooks": [],
          "tests": [
            {
              "title": "Validate a specific skin care product",
              "fullTitle": "Alias and Invoke Validate a specific skin care product",
              "timedOut": null,
              "duration": 2226,
              "state": "passed",
              "speed": "fast",
              "pass": true,
              "fail": false,
              "pending": false,
              "context": null,
              "code": "cy.get(\"a[href*='product/category&path=']\").contains('Skincare').click();\ncy.get(\".fixed_wrapper .prdocutname\").eq(0).invoke('text').as('productThumbnail');\ncy.get('@productThumbnail').its('length').should('be.gt', 5);\ncy.get('@productThumbnail').should('include', 'Flash Bronzer Body Gel');",
              "err": {},
              "uuid": "0c6ff688-0cea-4e27-8493-b0ca2a6efa21",
              "parentUUID": "0ce684da-20e1-4a33-af9b-fced3d054d62",
              "isHook": false,
              "skipped": false
            },
            {
              "title": "Validate product thumbnail count",
              "fullTitle": "Alias and Invoke Validate product thumbnail count",
              "timedOut": null,
              "duration": 1373,
              "state": "passed",
              "speed": "fast",
              "pass": true,
              "fail": false,
              "pending": false,
              "context": null,
              "code": "cy.get('@productThumbnailGrid').should('have.length', 5);",
              "err": {},
              "uuid": "71f197e0-20ac-4d97-8bcb-bd46ad724478",
              "parentUUID": "0ce684da-20e1-4a33-af9b-fced3d054d62",
              "isHook": false,
              "skipped": false
            },
            {
              "title": "Validate a product can be added to cart",
              "fullTitle": "Alias and Invoke Validate a product can be added to cart",
              "timedOut": null,
              "duration": 1891,
              "state": "passed",
              "speed": "fast",
              "pass": true,
              "fail": false,
              "pending": false,
              "context": null,
              "code": "cy.get('@productThumbnailGrid').find('.productcart').each(($el, index, $list) => {\n  cy.wrap($el).invoke('attr', 'title').should('include', 'Add to Cart');\n});",
              "err": {},
              "uuid": "c5c0ba1f-bcc3-43f5-8101-c655d490ecce",
              "parentUUID": "0ce684da-20e1-4a33-af9b-fced3d054d62",
              "isHook": false,
              "skipped": false
            },
            {
              "title": "Validate a product is out of stock",
              "fullTitle": "Alias and Invoke Validate a product is out of stock",
              "timedOut": null,
              "duration": 1988,
              "state": "passed",
              "speed": "fast",
              "pass": true,
              "fail": false,
              "pending": false,
              "context": null,
              "code": "cy.get('@productThumbnailGrid').find('.nostock').each($el => {\n  cy.wrap($el).should('have.text', 'Out of Stock');\n});",
              "err": {},
              "uuid": "c0e84f5f-b631-4940-80da-5b6eac4d6154",
              "parentUUID": "0ce684da-20e1-4a33-af9b-fced3d054d62",
              "isHook": false,
              "skipped": false
            },
            {
              "title": "Calculate total of normal and sale products",
              "fullTitle": "Alias and Invoke Calculate total of normal and sale products",
              "timedOut": null,
              "duration": 1715,
              "state": "passed",
              "speed": "fast",
              "pass": true,
              "fail": false,
              "pending": false,
              "context": null,
              "code": "cy.get('.thumbnail').find('.oneprice').invoke('text').as('itemPrice');\ncy.get('.thumbnail').find('.pricenew').invoke('text').as('saleItemPrice');\nvar itemsTotal = 0;\ncy.get('@itemPrice').then($linkText => {\n  var itemsPriceTotal = 0;\n  var itemPrice = $linkText.split('$');\n  var i;\n  for (i = 0; i < itemPrice.length; i++) {\n    cy.log(itemPrice[i]);\n    itemsPriceTotal += Number(itemPrice[i]);\n  }\n  itemsTotal += itemsPriceTotal;\n  cy.log(\"Non sale price items total: \" + itemsPriceTotal);\n});\ncy.get('@saleItemPrice').then($linkText => {\n  var saleItemsPriceTotal = 0;\n  var saleItemPrice = $linkText.split('$');\n  var i;\n  for (i = 0; i < saleItemPrice.length; i++) {\n    cy.log(saleItemPrice[i]);\n    saleItemsPriceTotal += Number(saleItemPrice[i]);\n  }\n  itemsTotal += saleItemsPriceTotal;\n  cy.log(\"Sale price items total: \" + saleItemsPriceTotal);\n}).then(() => {\n  //this then is important to make sure the above code is executed before the below code. Otherwise itemsTotal will be 0\n  cy.log(\"The total price of all products: \" + itemsTotal);\n  expect(itemsTotal).to.eq(836);\n});",
              "err": {},
              "uuid": "d4725cb6-424f-46fd-b19a-cb7971eb4806",
              "parentUUID": "0ce684da-20e1-4a33-af9b-fced3d054d62",
              "isHook": false,
              "skipped": false
            }
          ],
          "suites": [],
          "passes": [
            "0c6ff688-0cea-4e27-8493-b0ca2a6efa21",
            "71f197e0-20ac-4d97-8bcb-bd46ad724478",
            "c5c0ba1f-bcc3-43f5-8101-c655d490ecce",
            "c0e84f5f-b631-4940-80da-5b6eac4d6154",
            "d4725cb6-424f-46fd-b19a-cb7971eb4806"
          ],
          "failures": [],
          "pending": [],
          "skipped": [],
          "duration": 9193,
          "root": false,
          "rootEmpty": false,
          "_timeout": 2000
        }
      ],
      "passes": [],
      "failures": [],
      "pending": [],
      "skipped": [],
      "duration": 0,
      "root": true,
      "rootEmpty": true,
      "_timeout": 2000
    },
    {
      "uuid": "bdd8e1cf-8546-4eb5-a669-c9dfc0983a76",
      "title": "",
      "fullFile": "cypress\\e2e\\automation-test-store\\contact-us.test.js",
      "file": "cypress\\e2e\\automation-test-store\\contact-us.test.js",
      "beforeHooks": [],
      "afterHooks": [],
      "tests": [],
      "suites": [
        {
          "uuid": "9723c15f-6f68-47f4-b1ec-962935f5b338",
          "title": "Test Contact Us form via Automation Test Store",
          "fullFile": "",
          "file": "",
          "beforeHooks": [],
          "afterHooks": [],
          "tests": [
            {
              "title": "Should be able to submit a successful submission via contact us form",
              "fullTitle": "Test Contact Us form via Automation Test Store Should be able to submit a successful submission via contact us form",
              "timedOut": null,
              "duration": 3483,
              "state": "passed",
              "speed": "fast",
              "pass": true,
              "fail": false,
              "pending": false,
              "context": null,
              "code": "cy.get('@user').then(user => {\n  cy.get('#ContactUsFrm_first_name').type(user.first_name);\n  cy.get('#ContactUsFrm_email').type(user.email);\n  cy.get('#ContactUsFrm_enquiry').type(user.enquiry);\n});\ncy.get('#ContactUsFrm_email').should('have.attr', 'name', 'email');\ncy.get('button[title=\"Submit\"]').click();\ncy.get('@enquiryValidation').then(expect => {\n  cy.get('.mb40 > :nth-child(3)').should('have.text', expect.enquiryValidated);\n});\ncy.get('@log').then(log => {\n  cy.log(log.itComplete);\n});",
              "err": {},
              "uuid": "da482535-e1a7-43ae-a505-7bc13bd38207",
              "parentUUID": "9723c15f-6f68-47f4-b1ec-962935f5b338",
              "isHook": false,
              "skipped": false
            },
            {
              "title": "Should not be able to submit a successful submission via contact us form as all fields are required",
              "fullTitle": "Test Contact Us form via Automation Test Store Should not be able to submit a successful submission via contact us form as all fields are required",
              "timedOut": null,
              "duration": 3064,
              "state": "passed",
              "speed": "fast",
              "pass": true,
              "fail": false,
              "pending": false,
              "context": null,
              "code": "cy.get('@user').then(user => {\n  cy.get('#ContactUsFrm_first_name').type(user.first_name);\n  cy.get('#ContactUsFrm_email').type(user.emailInvalid);\n  cy.get('#ContactUsFrm_enquiry').type(user.enquiry);\n});\ncy.get('button[title=\"Submit\"]').click();\ncy.get('@enquiryValidation').then(expect => {\n  cy.get('.element_error').should('include.text', expect.enquiryNotValidated);\n});\ncy.get('@log').then(log => {\n  cy.log(log.itComplete);\n});",
              "err": {},
              "uuid": "2025841f-4d19-495f-b592-182bdabb24ee",
              "parentUUID": "9723c15f-6f68-47f4-b1ec-962935f5b338",
              "isHook": false,
              "skipped": false
            }
          ],
          "suites": [],
          "passes": [
            "da482535-e1a7-43ae-a505-7bc13bd38207",
            "2025841f-4d19-495f-b592-182bdabb24ee"
          ],
          "failures": [],
          "pending": [],
          "skipped": [],
          "duration": 6547,
          "root": false,
          "rootEmpty": false,
          "_timeout": 2000
        }
      ],
      "passes": [],
      "failures": [],
      "pending": [],
      "skipped": [],
      "duration": 0,
      "root": true,
      "rootEmpty": true,
      "_timeout": 2000
    },
    {
      "uuid": "cc55a6ae-6894-4ec3-8b5e-ef5a96d0437d",
      "title": "",
      "fullFile": "cypress\\e2e\\automation-test-store\\inspect-item.test.js",
      "file": "cypress\\e2e\\automation-test-store\\inspect-item.test.js",
      "beforeHooks": [],
      "afterHooks": [],
      "tests": [],
      "suites": [
        {
          "uuid": "aa31a641-d17e-4225-ab62-5941964d3177",
          "title": "Inspect Automation Test Store items using chain of commands",
          "fullFile": "",
          "file": "",
          "beforeHooks": [],
          "afterHooks": [],
          "tests": [
            {
              "title": "Click on the first item using item text",
              "fullTitle": "Inspect Automation Test Store items using chain of commands Click on the first item using item text",
              "timedOut": null,
              "duration": 1682,
              "state": "passed",
              "speed": "fast",
              "pass": true,
              "fail": false,
              "pending": false,
              "context": null,
              "code": "cy.visit(Cypress.env('automationTestStoreBaseUrl'));\ncy.get('.prdocutname').contains('Skinsheen Bronzer Stick').click().then(function (itemHeaderText) {\n  console.log('Selected the following item: ' + itemHeaderText.text());\n});",
              "err": {},
              "uuid": "3fd6c3cb-342a-4b16-8246-a69339c33133",
              "parentUUID": "aa31a641-d17e-4225-ab62-5941964d3177",
              "isHook": false,
              "skipped": false
            },
            {
              "title": "Click on the first item using item index",
              "fullTitle": "Inspect Automation Test Store items using chain of commands Click on the first item using item index",
              "timedOut": null,
              "duration": 2690,
              "state": "passed",
              "speed": "fast",
              "pass": true,
              "fail": false,
              "pending": false,
              "context": null,
              "code": "cy.visit(Cypress.env('automationTestStoreBaseUrl'));\ncy.get('.fixed_wrapper').find('.prdocutname').eq(0).click();",
              "err": {},
              "uuid": "3a2ad9b2-1383-4c50-a48b-620cc7df0b8d",
              "parentUUID": "aa31a641-d17e-4225-ab62-5941964d3177",
              "isHook": false,
              "skipped": false
            }
          ],
          "suites": [],
          "passes": [
            "3fd6c3cb-342a-4b16-8246-a69339c33133",
            "3a2ad9b2-1383-4c50-a48b-620cc7df0b8d"
          ],
          "failures": [],
          "pending": [],
          "skipped": [],
          "duration": 4372,
          "root": false,
          "rootEmpty": false,
          "_timeout": 2000
        }
      ],
      "passes": [],
      "failures": [],
      "pending": [],
      "skipped": [],
      "duration": 0,
      "root": true,
      "rootEmpty": true,
      "_timeout": 2000
    },
    {
      "uuid": "3da63ac1-89e4-4b3c-b879-6d7966122cb0",
      "title": "",
      "fullFile": "cypress\\e2e\\automation-test-store\\iterate-over-elements.test.js",
      "file": "cypress\\e2e\\automation-test-store\\iterate-over-elements.test.js",
      "beforeHooks": [],
      "afterHooks": [],
      "tests": [],
      "suites": [
        {
          "uuid": "eb95fa90-68d5-49ef-8386-e012fdb18d8c",
          "title": "Iterate over elements",
          "fullFile": "",
          "file": "",
          "beforeHooks": [],
          "afterHooks": [],
          "tests": [
            {
              "title": "Log information of all hair care products",
              "fullTitle": "Iterate over elements Log information of all hair care products",
              "timedOut": null,
              "duration": 1772,
              "state": "passed",
              "speed": "fast",
              "pass": true,
              "fail": false,
              "pending": false,
              "context": null,
              "code": "cy.visit(Cypress.env('automationTestStoreBaseUrl'));\ncy.get(\"a[href*='product/category&path=']\").contains('Hair Care').click();\ncy.get(\".fixed_wrapper .prdocutname\").each(($el, index, $list) => {\n  cy.log(\"Index: \" + index + \" : \" + $el.text());\n});",
              "err": {},
              "uuid": "4684c6a8-e65e-42cb-a63a-aca20a9664a1",
              "parentUUID": "eb95fa90-68d5-49ef-8386-e012fdb18d8c",
              "isHook": false,
              "skipped": false
            },
            {
              "title": "adds specific product to basket",
              "fullTitle": "Iterate over elements adds specific product to basket",
              "timedOut": null,
              "duration": 1667,
              "state": "passed",
              "speed": "fast",
              "pass": true,
              "fail": false,
              "pending": false,
              "context": null,
              "code": "cy.visit(Cypress.env('automationTestStoreBaseUrl'));\ncy.get(\"a[href*='product/category&path=']\").contains('Hair Care').click();\ncy.selectProduct('Curls to straight Shampoo');",
              "err": {},
              "uuid": "778ff6f6-df04-407d-8fa8-e7a000fd6d2f",
              "parentUUID": "eb95fa90-68d5-49ef-8386-e012fdb18d8c",
              "isHook": false,
              "skipped": false
            },
            {
              "title": "adds another specific product to basket",
              "fullTitle": "Iterate over elements adds another specific product to basket",
              "timedOut": null,
              "duration": 2011,
              "state": "passed",
              "speed": "fast",
              "pass": true,
              "fail": false,
              "pending": false,
              "context": null,
              "code": "cy.visit(Cypress.env('automationTestStoreBaseUrl'));\ncy.get(\"a[href*='product/category&path=']\").contains('Hair Care').click();\ncy.selectProduct('Seaweed Conditioner');",
              "err": {},
              "uuid": "46dafce7-41a8-4863-b836-774c7121f506",
              "parentUUID": "eb95fa90-68d5-49ef-8386-e012fdb18d8c",
              "isHook": false,
              "skipped": false
            }
          ],
          "suites": [],
          "passes": [
            "4684c6a8-e65e-42cb-a63a-aca20a9664a1",
            "778ff6f6-df04-407d-8fa8-e7a000fd6d2f",
            "46dafce7-41a8-4863-b836-774c7121f506"
          ],
          "failures": [],
          "pending": [],
          "skipped": [],
          "duration": 5450,
          "root": false,
          "rootEmpty": false,
          "_timeout": 2000
        }
      ],
      "passes": [],
      "failures": [],
      "pending": [],
      "skipped": [],
      "duration": 0,
      "root": true,
      "rootEmpty": true,
      "_timeout": 2000
    },
    {
      "uuid": "a675c660-d8c6-4f0f-88af-c890f2ca95b0",
      "title": "",
      "fullFile": "cypress\\e2e\\automation-test-store\\variables-and-cy-command.test.js",
      "file": "cypress\\e2e\\automation-test-store\\variables-and-cy-command.test.js",
      "beforeHooks": [],
      "afterHooks": [],
      "tests": [],
      "suites": [
        {
          "uuid": "abfd2981-4413-458a-83ed-f9ff688c1d3e",
          "title": "Verifying variables, cypress commands and jquery commands",
          "fullFile": "",
          "file": "",
          "beforeHooks": [],
          "afterHooks": [],
          "tests": [
            {
              "title": "Navigating to specific product pages",
              "fullTitle": "Verifying variables, cypress commands and jquery commands Navigating to specific product pages",
              "timedOut": null,
              "duration": 1796,
              "state": "passed",
              "speed": "fast",
              "pass": true,
              "fail": false,
              "pending": false,
              "context": null,
              "code": "cy.visit(Cypress.env('automationTestStoreBaseUrl'));\n// const makeupLink = cy.get(\"a[href*='product/category&path=']\").contains('Makeup')\n// const skincareLink = cy.get(\"a[href*='product/category&path=']\").contains('Skincare')\n// skincareLink.click()\n// makeupLink.click()\ncy.get(\"a[href*='product/category&path=']\").contains('Makeup').click();",
              "err": {},
              "uuid": "3deeab4d-a08c-4bf0-8dd0-dac5cc93f8d6",
              "parentUUID": "abfd2981-4413-458a-83ed-f9ff688c1d3e",
              "isHook": false,
              "skipped": false
            },
            {
              "title": "Navigation to specific product pages",
              "fullTitle": "Verifying variables, cypress commands and jquery commands Navigation to specific product pages",
              "timedOut": null,
              "duration": 1512,
              "state": "passed",
              "speed": "fast",
              "pass": true,
              "fail": false,
              "pending": false,
              "context": null,
              "code": "cy.visit(Cypress.env('automationTestStoreBaseUrl'));\ncy.get(\"a[href*='product/category&path=']\").contains('Makeup').click();\n//following code will fail\n// const header = cy.get('h1 .maintext')\n// cy.log(header.text())\ncy.get('h1 .maintext').then($headerText => {\n  const headerText = $headerText.text();\n  cy.log(\"Found header text: \" + headerText);\n  expect(headerText).is.eq('Makeup');\n});",
              "err": {},
              "uuid": "4a531fc6-222c-4b92-9a0b-8ede54d92de2",
              "parentUUID": "abfd2981-4413-458a-83ed-f9ff688c1d3e",
              "isHook": false,
              "skipped": false
            },
            {
              "title": "Validate properties of the Context Us Page",
              "fullTitle": "Verifying variables, cypress commands and jquery commands Validate properties of the Context Us Page",
              "timedOut": null,
              "duration": 311,
              "state": "passed",
              "speed": "fast",
              "pass": true,
              "fail": false,
              "pending": false,
              "context": null,
              "code": "cy.visit('https://automationteststore.com/index.php?rt=content/contact');\n//Uses cypress commands and chaining\ncy.contains('#ContactUsFrm', 'Contact Us Form').find('#field_11').should('contain', 'First name');\n//JQuery Approach\ncy.contains('#ContactUsFrm', 'Contact Us Form').then(text => {\n  const firstNameText = text.find('#field_11').text();\n  expect(firstNameText).to.contain('First name');\n  //Embedded commands (Closure)\n  cy.get('#field_11').then(fnText => {\n    cy.log(fnText.text());\n    cy.log(fnText);\n  });\n});",
              "err": {},
              "uuid": "0bf09eb9-7929-434e-a887-fbb5d27e6224",
              "parentUUID": "abfd2981-4413-458a-83ed-f9ff688c1d3e",
              "isHook": false,
              "skipped": false
            }
          ],
          "suites": [],
          "passes": [
            "3deeab4d-a08c-4bf0-8dd0-dac5cc93f8d6",
            "4a531fc6-222c-4b92-9a0b-8ede54d92de2",
            "0bf09eb9-7929-434e-a887-fbb5d27e6224"
          ],
          "failures": [],
          "pending": [],
          "skipped": [],
          "duration": 3619,
          "root": false,
          "rootEmpty": false,
          "_timeout": 2000
        }
      ],
      "passes": [],
      "failures": [],
      "pending": [],
      "skipped": [],
      "duration": 0,
      "root": true,
      "rootEmpty": true,
      "_timeout": 2000
    },
    {
      "uuid": "ea4c1773-931b-49fb-9b50-704a44874895",
      "title": "",
      "fullFile": "cypress\\e2e\\webdriver-uni\\autocomplete-dropdownlist.test.js",
      "file": "cypress\\e2e\\webdriver-uni\\autocomplete-dropdownlist.test.js",
      "beforeHooks": [],
      "afterHooks": [],
      "tests": [],
      "suites": [
        {
          "uuid": "5bb617a0-2424-458a-beef-5c7c1d0eeb27",
          "title": "how to handle autocomplete ddl",
          "fullFile": "",
          "file": "",
          "beforeHooks": [],
          "afterHooks": [],
          "tests": [
            {
              "title": "selects the Avacado option",
              "fullTitle": "how to handle autocomplete ddl selects the Avacado option",
              "timedOut": null,
              "duration": 1859,
              "state": "passed",
              "speed": "fast",
              "pass": true,
              "fail": false,
              "pending": false,
              "context": null,
              "code": "cy.get('#myInput').type('A');\ncy.get('#myInputautocomplete-list > div').each($el => {\n  if ($el.text() === 'Avacado') {\n    cy.wrap($el).click();\n  }\n});\ncy.get('#submit-button').click();\ncy.url().should('include', 'Avacado');",
              "err": {},
              "uuid": "98ae0802-6543-4758-a981-9f0b6f51292b",
              "parentUUID": "5bb617a0-2424-458a-beef-5c7c1d0eeb27",
              "isHook": false,
              "skipped": false
            }
          ],
          "suites": [],
          "passes": [
            "98ae0802-6543-4758-a981-9f0b6f51292b"
          ],
          "failures": [],
          "pending": [],
          "skipped": [],
          "duration": 1859,
          "root": false,
          "rootEmpty": false,
          "_timeout": 2000
        }
      ],
      "passes": [],
      "failures": [],
      "pending": [],
      "skipped": [],
      "duration": 0,
      "root": true,
      "rootEmpty": true,
      "_timeout": 2000
    },
    {
      "uuid": "5d92c7f5-a778-44e1-8ec5-642a092e2952",
      "title": "",
      "fullFile": "cypress\\e2e\\webdriver-uni\\browser-navigation.test.js",
      "file": "cypress\\e2e\\webdriver-uni\\browser-navigation.test.js",
      "beforeHooks": [],
      "afterHooks": [],
      "tests": [],
      "suites": [
        {
          "uuid": "28df1338-2b2a-4ce2-a5f1-38d7f90e46ce",
          "title": "Validate webdriveruni homepage links",
          "fullFile": "",
          "file": "",
          "beforeHooks": [],
          "afterHooks": [],
          "tests": [
            {
              "title": "Confirms links redirect to the correct pages",
              "fullTitle": "Validate webdriveruni homepage links Confirms links redirect to the correct pages",
              "timedOut": null,
              "duration": 2671,
              "state": "passed",
              "speed": "fast",
              "pass": true,
              "fail": false,
              "pending": false,
              "context": null,
              "code": "cy.visit(Cypress.env('webdriveruniversityBaseUrl'));\ncy.get(\"#contact-us\").invoke('removeAttr', 'target').click();\ncy.url().should('include', 'Contact-Us/contactus.html');\ncy.go('back');\ncy.url().should('include', Cypress.env('webdriveruniversityBaseUrl'));\ncy.reload();\ncy.go('forward');\ncy.url().should('include', 'Contact-Us/contactus.html');\ncy.go('back');\ncy.get(\"#login-portal\").invoke('removeAttr', 'target').click();\ncy.url().should('include', 'Login-Portal');\ncy.go('back');\ncy.get(\"#to-do-list\").invoke('removeAttr', 'target').click();\ncy.url().should('include', 'To-Do-List');\ncy.go('back');\ncy.url().should('include', Cypress.env('webdriveruniversityBaseUrl'));",
              "err": {},
              "uuid": "1f34a4d8-a315-49ee-bb96-534f92846d25",
              "parentUUID": "28df1338-2b2a-4ce2-a5f1-38d7f90e46ce",
              "isHook": false,
              "skipped": false
            }
          ],
          "suites": [],
          "passes": [
            "1f34a4d8-a315-49ee-bb96-534f92846d25"
          ],
          "failures": [],
          "pending": [],
          "skipped": [],
          "duration": 2671,
          "root": false,
          "rootEmpty": false,
          "_timeout": 2000
        }
      ],
      "passes": [],
      "failures": [],
      "pending": [],
      "skipped": [],
      "duration": 0,
      "root": true,
      "rootEmpty": true,
      "_timeout": 2000
    },
    {
      "uuid": "7b43fca3-b2d6-4831-a767-c6911a4d2158",
      "title": "",
      "fullFile": "cypress\\e2e\\webdriver-uni\\checkboxes.test.js",
      "file": "cypress\\e2e\\webdriver-uni\\checkboxes.test.js",
      "beforeHooks": [],
      "afterHooks": [],
      "tests": [],
      "suites": [
        {
          "uuid": "3d71d56a-3d18-4925-bafe-eb3e3ddb6755",
          "title": "how to handle checkboxes",
          "fullFile": "",
          "file": "",
          "beforeHooks": [],
          "afterHooks": [],
          "tests": [
            {
              "title": "checks of one checkboxes according to position",
              "fullTitle": "how to handle checkboxes checks of one checkboxes according to position",
              "timedOut": null,
              "duration": 1049,
              "state": "passed",
              "speed": "fast",
              "pass": true,
              "fail": false,
              "pending": false,
              "context": null,
              "code": "cy.get('#radio-buttons > input[type=radio]').first().check().should('be.checked');",
              "err": {},
              "uuid": "163ccb73-2e8c-411e-91de-8224e4db571d",
              "parentUUID": "3d71d56a-3d18-4925-bafe-eb3e3ddb6755",
              "isHook": false,
              "skipped": false
            },
            {
              "title": "ticks one radiobutton at specific position",
              "fullTitle": "how to handle checkboxes ticks one radiobutton at specific position",
              "timedOut": null,
              "duration": 360,
              "state": "passed",
              "speed": "fast",
              "pass": true,
              "fail": false,
              "pending": false,
              "context": null,
              "code": "cy.get('#radio-buttons > input[type=radio]').eq(1).check().should('be.checked');",
              "err": {},
              "uuid": "0b636769-0809-4abd-a234-fd0793988e8e",
              "parentUUID": "3d71d56a-3d18-4925-bafe-eb3e3ddb6755",
              "isHook": false,
              "skipped": false
            },
            {
              "title": "checks multiple checkboxes",
              "fullTitle": "how to handle checkboxes checks multiple checkboxes",
              "timedOut": null,
              "duration": 383,
              "state": "passed",
              "speed": "fast",
              "pass": true,
              "fail": false,
              "pending": false,
              "context": null,
              "code": "cy.get('#checkboxes input[type=\"checkbox\"]').check(['option-2', 'option-3', 'option-4']).should('be.checked');",
              "err": {},
              "uuid": "fab201a2-1873-4dd7-ac45-5c8594df237e",
              "parentUUID": "3d71d56a-3d18-4925-bafe-eb3e3ddb6755",
              "isHook": false,
              "skipped": false
            },
            {
              "title": "unchecks multiple checkboxes",
              "fullTitle": "how to handle checkboxes unchecks multiple checkboxes",
              "timedOut": null,
              "duration": 665,
              "state": "passed",
              "speed": "fast",
              "pass": true,
              "fail": false,
              "pending": false,
              "context": null,
              "code": "cy.get('#checkboxes input[type=\"checkbox\"]').check(['option-2', 'option-4']).should('be.checked');\ncy.get('#checkboxes input[type=\"checkbox\"][value=\"option-3\"]').should('be.checked');\ncy.get('#checkboxes input[type=\"checkbox\"]').uncheck(['option-2', 'option-3', 'option-4']).should('not.be.checked');",
              "err": {},
              "uuid": "1f59ddf1-e993-4bf9-b83f-3c3d5e019976",
              "parentUUID": "3d71d56a-3d18-4925-bafe-eb3e3ddb6755",
              "isHook": false,
              "skipped": false
            },
            {
              "title": "checks either disabled or enabled checkboxes",
              "fullTitle": "how to handle checkboxes checks either disabled or enabled checkboxes",
              "timedOut": null,
              "duration": 218,
              "state": "passed",
              "speed": "fast",
              "pass": true,
              "fail": false,
              "pending": false,
              "context": null,
              "code": "cy.get('#radio-buttons-selected-disabled input[type=\"radio\"][value=\"cabbage\"]').should('not.be.checked').should('be.disabled');",
              "err": {},
              "uuid": "a8fc8c09-820b-43e1-86fc-bff6f9998795",
              "parentUUID": "3d71d56a-3d18-4925-bafe-eb3e3ddb6755",
              "isHook": false,
              "skipped": false
            }
          ],
          "suites": [],
          "passes": [
            "163ccb73-2e8c-411e-91de-8224e4db571d",
            "0b636769-0809-4abd-a234-fd0793988e8e",
            "fab201a2-1873-4dd7-ac45-5c8594df237e",
            "1f59ddf1-e993-4bf9-b83f-3c3d5e019976",
            "a8fc8c09-820b-43e1-86fc-bff6f9998795"
          ],
          "failures": [],
          "pending": [],
          "skipped": [],
          "duration": 2675,
          "root": false,
          "rootEmpty": false,
          "_timeout": 2000
        }
      ],
      "passes": [],
      "failures": [],
      "pending": [],
      "skipped": [],
      "duration": 0,
      "root": true,
      "rootEmpty": true,
      "_timeout": 2000
    },
    {
      "uuid": "16774b52-a1b4-4a77-9d10-3fa2a8a05fa8",
      "title": "",
      "fullFile": "cypress\\e2e\\webdriver-uni\\contact-us.test.js",
      "file": "cypress\\e2e\\webdriver-uni\\contact-us.test.js",
      "beforeHooks": [],
      "afterHooks": [],
      "tests": [],
      "suites": [
        {
          "uuid": "aa683aea-be9f-46fa-8308-3d7476fd1bcb",
          "title": "Test Contact Us form via WebdriverUni",
          "fullFile": "",
          "file": "",
          "beforeHooks": [],
          "afterHooks": [],
          "tests": [
            {
              "title": "Should be able to submit a successful submission via contact us form",
              "fullTitle": "Test Contact Us form via WebdriverUni Should be able to submit a successful submission via contact us form",
              "timedOut": null,
              "duration": 2891,
              "state": "passed",
              "speed": "fast",
              "pass": true,
              "fail": false,
              "pending": false,
              "context": null,
              "code": "contact_Us_PO.contactForm_Submission(Cypress.env('first_name'), data.last_name, data.email, data.description);\ncy.get('h1').should('have.text', data.messageValidation);",
              "err": {},
              "uuid": "e7a108d2-c10f-4146-92c9-948a18689c3b",
              "parentUUID": "aa683aea-be9f-46fa-8308-3d7476fd1bcb",
              "isHook": false,
              "skipped": false
            },
            {
              "title": "Should not be able to submit a successful submission via contact us form as all fields are required",
              "fullTitle": "Test Contact Us form via WebdriverUni Should not be able to submit a successful submission via contact us form as all fields are required",
              "timedOut": null,
              "duration": 1493,
              "state": "passed",
              "speed": "fast",
              "pass": true,
              "fail": false,
              "pending": false,
              "context": null,
              "code": "contact_Us_PO.contactForm_Submission(data.name, data.last_name, data.email, \"\");\ncy.get('body').should('include.text', data.messageErrorValidation);",
              "err": {},
              "uuid": "688f1bb4-122e-46eb-8b18-bcfd2ee04a02",
              "parentUUID": "aa683aea-be9f-46fa-8308-3d7476fd1bcb",
              "isHook": false,
              "skipped": false
            }
          ],
          "suites": [],
          "passes": [
            "e7a108d2-c10f-4146-92c9-948a18689c3b",
            "688f1bb4-122e-46eb-8b18-bcfd2ee04a02"
          ],
          "failures": [],
          "pending": [],
          "skipped": [],
          "duration": 4384,
          "root": false,
          "rootEmpty": false,
          "_timeout": 2000
        }
      ],
      "passes": [],
      "failures": [],
      "pending": [],
      "skipped": [],
      "duration": 0,
      "root": true,
      "rootEmpty": true,
      "_timeout": 2000
    },
    {
      "uuid": "dafdea7f-aa35-450e-969d-1813fd86ad9d",
      "title": "",
      "fullFile": "cypress\\e2e\\webdriver-uni\\data-tables.test.js",
      "file": "cypress\\e2e\\webdriver-uni\\data-tables.test.js",
      "beforeHooks": [],
      "afterHooks": [],
      "tests": [],
      "suites": [
        {
          "uuid": "48ce2567-d889-418b-999e-b95945e84646",
          "title": "handling data via webdriveruni",
          "fullFile": "",
          "file": "",
          "beforeHooks": [],
          "afterHooks": [],
          "tests": [
            {
              "title": "calculates and asserts the total age of all users",
              "fullTitle": "handling data via webdriveruni calculates and asserts the total age of all users",
              "timedOut": null,
              "duration": 781,
              "state": "passed",
              "speed": "fast",
              "pass": true,
              "fail": false,
              "pending": false,
              "context": null,
              "code": "var totalAge = 0;\ncy.get('#thumbnail-1 > table > tbody > tr > td:last-child').each($el => {\n  const age = $el.text();\n  totalAge += Number(age);\n}).then(() => {\n  expect(totalAge).to.eq(322);\n});",
              "err": {},
              "uuid": "cfd3f286-6667-4b6f-9be5-52c0222da8ea",
              "parentUUID": "48ce2567-d889-418b-999e-b95945e84646",
              "isHook": false,
              "skipped": false
            },
            {
              "title": "asserts the age of a user in the table",
              "fullTitle": "handling data via webdriveruni asserts the age of a user in the table",
              "timedOut": null,
              "duration": 300,
              "state": "passed",
              "speed": "fast",
              "pass": true,
              "fail": false,
              "pending": false,
              "context": null,
              "code": "cy.get('#thumbnail-1 > table > tbody > tr > td:contains(\"Woods\")').next().should('contain', '80');",
              "err": {},
              "uuid": "b3135c84-b6ff-469e-befc-0ceedd26cf2a",
              "parentUUID": "48ce2567-d889-418b-999e-b95945e84646",
              "isHook": false,
              "skipped": false
            }
          ],
          "suites": [],
          "passes": [
            "cfd3f286-6667-4b6f-9be5-52c0222da8ea",
            "b3135c84-b6ff-469e-befc-0ceedd26cf2a"
          ],
          "failures": [],
          "pending": [],
          "skipped": [],
          "duration": 1081,
          "root": false,
          "rootEmpty": false,
          "_timeout": 2000
        }
      ],
      "passes": [],
      "failures": [],
      "pending": [],
      "skipped": [],
      "duration": 0,
      "root": true,
      "rootEmpty": true,
      "_timeout": 2000
    },
    {
      "uuid": "616973b8-e3be-4196-a82f-585242e43b40",
      "title": "",
      "fullFile": "cypress\\e2e\\webdriver-uni\\date-picker.test.js",
      "file": "cypress\\e2e\\webdriver-uni\\date-picker.test.js",
      "beforeHooks": [],
      "afterHooks": [],
      "tests": [],
      "suites": [
        {
          "uuid": "2cc76756-c8d7-492a-b6d4-d942f24f24d2",
          "title": "Test datepicker from webdriveruni",
          "fullFile": "",
          "file": "",
          "beforeHooks": [],
          "afterHooks": [],
          "tests": [
            {
              "title": "selects date from the datepicker",
              "fullTitle": "Test datepicker from webdriveruni selects date from the datepicker",
              "timedOut": null,
              "duration": 1874,
              "state": "passed",
              "speed": "fast",
              "pass": true,
              "fail": false,
              "pending": false,
              "context": null,
              "code": "var date = new Date();\ndate.setDate(date.getDate() + 390);\ndate.setFullYear(date.getFullYear() - 20);\nvar futureYear = date.getFullYear();\nvar futureMonth = date.toLocaleString(\"default\", {\n  month: \"long\"\n});\nvar futureDay = date.getDate();\nvar formattedDate = (date.getMonth() + 1).toString().padStart(2, '0') + '-' + date.getDate().toString().padStart(2, '0') + '-' + date.getFullYear();\ncy.log(\"Future Date to select: \" + futureMonth + \" \" + futureDay + \", \" + futureYear);\ncy.log(\"Future Date expected: \" + formattedDate).then(() => {\n  selectDate();\n});\ncy.get('#datepicker > input').should('have.value', formattedDate);\n//#region Functions\nfunction selectDate() {\n  cy.get('@calendar').find('.datepicker-switch').first().should('be.visible').then(currentDate => {\n    cy.log(currentDate.text());\n    if (!currentDate.text().includes(futureYear)) {\n      goToYearsPanel();\n      selectYear();\n    } else if (!currentDate.text().includes(futureMonth)) {\n      goToMonthsPanel();\n      selectMonth();\n    } else {\n      selectDay();\n    }\n  });\n}\nfunction selectYear() {\n  cy.get('@yearsPanel').each($year => {\n    if ($year.text() == futureYear) {\n      cy.wrap($year).click();\n      cy.get('@monthsPanelHeader').should('have.text', futureYear);\n      selectMonth();\n    }\n  });\n}\nfunction selectMonth() {\n  cy.get('@monthsPanel').each($month => {\n    if (futureMonth.startsWith($month.text())) {\n      cy.wrap($month).click();\n      selectDay();\n    }\n  });\n}\nfunction selectDay() {\n  cy.get('@daysPanel').each($day => {\n    if ($day.text() == futureDay) {\n      cy.wrap($day).click();\n      return false;\n    }\n  });\n}\nfunction goToYearsPanel() {\n  goToMonthsPanel();\n  cy.get('@monthsPanelHeader').click();\n  cy.get('@yearsPanel').should('be.visible').then(() => {\n    BrowseToCorrectYearsPanel();\n  });\n}\nfunction BrowseToCorrectYearsPanel() {\n  cy.get('@yearsPanel').first().then($year => {\n    if (futureYear < Number($year.text())) {\n      cy.log(\"Selecting previous years panel: first year \" + $year.text() + \" > \" + futureYear);\n      selectPreviousYearsPanel();\n      BrowseToCorrectYearsPanel();\n    }\n  });\n  cy.get('@yearsPanel').last().then($year => {\n    if (futureYear > Number($year.text())) {\n      cy.log(\"Selecting next years panel: last year \" + $year.text() + \" < \" + futureYear);\n      selectNextYearsPanel();\n      BrowseToCorrectYearsPanel();\n    }\n  });\n}\nfunction selectNextYearsPanel() {\n  cy.get('@nextYear').click();\n}\nfunction selectPreviousYearsPanel() {\n  cy.get('@previousYear').click();\n}\nfunction goToMonthsPanel() {\n  cy.get('@daysPanelHeader').click();\n  cy.get('@monthsPanel').should('be.visible');\n}\n//#endregion",
              "err": {},
              "uuid": "c727fccd-f13c-4c8a-a8e6-7f5dd0c7c8ce",
              "parentUUID": "2cc76756-c8d7-492a-b6d4-d942f24f24d2",
              "isHook": false,
              "skipped": false
            }
          ],
          "suites": [],
          "passes": [
            "c727fccd-f13c-4c8a-a8e6-7f5dd0c7c8ce"
          ],
          "failures": [],
          "pending": [],
          "skipped": [],
          "duration": 1874,
          "root": false,
          "rootEmpty": false,
          "_timeout": 2000
        }
      ],
      "passes": [],
      "failures": [],
      "pending": [],
      "skipped": [],
      "duration": 0,
      "root": true,
      "rootEmpty": true,
      "_timeout": 2000
    },
    {
      "uuid": "5102b51e-fcec-4bea-9b70-5e11a3637419",
      "title": "",
      "fullFile": "cypress\\e2e\\webdriver-uni\\file-upload.test.js",
      "file": "cypress\\e2e\\webdriver-uni\\file-upload.test.js",
      "beforeHooks": [],
      "afterHooks": [],
      "tests": [],
      "suites": [
        {
          "uuid": "6e04a515-b758-43b2-8f2b-979677eb22fe",
          "title": "Test fileupload via webdriveruni",
          "fullFile": "",
          "file": "",
          "beforeHooks": [],
          "afterHooks": [],
          "tests": [
            {
              "title": "uploads a file",
              "fullTitle": "Test fileupload via webdriveruni uploads a file",
              "timedOut": null,
              "duration": 818,
              "state": "passed",
              "speed": "fast",
              "pass": true,
              "fail": false,
              "pending": false,
              "context": null,
              "code": "cy.get(\"#myFile\").selectFile('cypress/fixtures/laptop.png');\ncy.get(\"#submit-button\").click();\n//modify the alert event triggered on upload to validate the upload\ncy.on('window:alert', str => {\n  expect(str).to.equal('Your file has now been uploaded!');\n});",
              "err": {},
              "uuid": "3cc82054-c1c3-441e-a996-7840bebc6b49",
              "parentUUID": "6e04a515-b758-43b2-8f2b-979677eb22fe",
              "isHook": false,
              "skipped": false
            },
            {
              "title": "does not upload file",
              "fullTitle": "Test fileupload via webdriveruni does not upload file",
              "timedOut": null,
              "duration": 365,
              "state": "passed",
              "speed": "fast",
              "pass": true,
              "fail": false,
              "pending": false,
              "context": null,
              "code": "cy.get(\"#submit-button\").click();\ncy.on('window:alert', str => {\n  expect(str).to.equal('You need to select a file to upload!');\n});",
              "err": {},
              "uuid": "5e29d620-9267-4317-a73b-5d621b72ec0e",
              "parentUUID": "6e04a515-b758-43b2-8f2b-979677eb22fe",
              "isHook": false,
              "skipped": false
            }
          ],
          "suites": [],
          "passes": [
            "3cc82054-c1c3-441e-a996-7840bebc6b49",
            "5e29d620-9267-4317-a73b-5d621b72ec0e"
          ],
          "failures": [],
          "pending": [],
          "skipped": [],
          "duration": 1183,
          "root": false,
          "rootEmpty": false,
          "_timeout": 2000
        }
      ],
      "passes": [],
      "failures": [],
      "pending": [],
      "skipped": [],
      "duration": 0,
      "root": true,
      "rootEmpty": true,
      "_timeout": 2000
    },
    {
      "uuid": "f54159bf-0746-4d20-9633-bcc7df0ef584",
      "title": "",
      "fullFile": "cypress\\e2e\\webdriver-uni\\iframe.test.js",
      "file": "cypress\\e2e\\webdriver-uni\\iframe.test.js",
      "beforeHooks": [],
      "afterHooks": [],
      "tests": [],
      "suites": [
        {
          "uuid": "9e438543-2acd-4e5e-bf8a-f245b5bf0668",
          "title": "Handling Iframes & Modals",
          "fullFile": "",
          "file": "",
          "beforeHooks": [],
          "afterHooks": [],
          "tests": [
            {
              "title": "handles webdriveruni iframe and modal",
              "fullTitle": "Handling Iframes & Modals handles webdriveruni iframe and modal",
              "timedOut": null,
              "duration": 6051,
              "state": "passed",
              "speed": "medium",
              "pass": true,
              "fail": false,
              "pending": false,
              "context": null,
              "code": "cy.visit(Cypress.env('webdriveruniversityBaseUrl'));\ncy.get(\"#iframe\").invoke('removeAttr', 'target').click({\n  force: true\n});\ncy.get('#frame').then($iframe => {\n  cy.wait(5000);\n  const body = $iframe.contents().find('body');\n  cy.wrap(body).as('iframe');\n});\ncy.get('@iframe').find('#button-find-out-more').click();\ncy.get('@iframe').find('#myModal').as('modal');\ncy.get('@modal').should($expectedText => {\n  const text = $expectedText.text();\n  expect(text).to.include('Welcome to webdriveruniversity.com we sell a wide range of electrical goods such as laptops, game consoles, cameras...');\n});\ncy.get('@modal').contains('Close').click();",
              "err": {},
              "uuid": "8fcac3fc-cdf9-4c0e-a1de-341284127a25",
              "parentUUID": "9e438543-2acd-4e5e-bf8a-f245b5bf0668",
              "isHook": false,
              "skipped": false
            }
          ],
          "suites": [],
          "passes": [
            "8fcac3fc-cdf9-4c0e-a1de-341284127a25"
          ],
          "failures": [],
          "pending": [],
          "skipped": [],
          "duration": 6051,
          "root": false,
          "rootEmpty": false,
          "_timeout": 2000
        }
      ],
      "passes": [],
      "failures": [],
      "pending": [],
      "skipped": [],
      "duration": 0,
      "root": true,
      "rootEmpty": true,
      "_timeout": 2000
    },
    {
      "uuid": "4ebe369d-1c38-4b49-bbf2-93f61e08441d",
      "title": "",
      "fullFile": "cypress\\e2e\\webdriver-uni\\js-alert.test.js",
      "file": "cypress\\e2e\\webdriver-uni\\js-alert.test.js",
      "beforeHooks": [],
      "afterHooks": [],
      "tests": [],
      "suites": [
        {
          "uuid": "cfb9ccdd-ad71-4f4b-b33a-4a7f540bbca2",
          "title": "Handle js alerts",
          "fullFile": "",
          "file": "",
          "beforeHooks": [],
          "afterHooks": [],
          "tests": [
            {
              "title": "Confirm Js alert contains the correct text",
              "fullTitle": "Handle js alerts Confirm Js alert contains the correct text",
              "timedOut": null,
              "duration": 683,
              "state": "passed",
              "speed": "fast",
              "pass": true,
              "fail": false,
              "pending": false,
              "context": null,
              "code": "cy.visit(Cypress.env('webdriveruniversityBaseUrl'));\ncy.get(\"#popup-alerts\").invoke('removeAttr', 'target').click();\ncy.get(\"#button1\").click();\ncy.on('window:alert', str => {\n  expect(str).to.equal('I am an alert box!');\n});",
              "err": {},
              "uuid": "5b7def2c-99b3-444f-89a4-e8ecb4793766",
              "parentUUID": "cfb9ccdd-ad71-4f4b-b33a-4a7f540bbca2",
              "isHook": false,
              "skipped": false
            },
            {
              "title": "Validate Js confirm box works when clicking ok",
              "fullTitle": "Handle js alerts Validate Js confirm box works when clicking ok",
              "timedOut": null,
              "duration": 374,
              "state": "passed",
              "speed": "fast",
              "pass": true,
              "fail": false,
              "pending": false,
              "context": null,
              "code": "cy.visit(Cypress.env('webdriveruniversityBaseUrl'));\ncy.get(\"#popup-alerts\").invoke('removeAttr', 'target').click();\ncy.get(\"#button4\").click();\ncy.on('window:confirm', str => {\n  return true;\n});\ncy.get(\"#confirm-alert-text\").contains('You pressed OK!');",
              "err": {},
              "uuid": "b7a6af95-2fce-4c5e-9d31-2eb2e570e78a",
              "parentUUID": "cfb9ccdd-ad71-4f4b-b33a-4a7f540bbca2",
              "isHook": false,
              "skipped": false
            },
            {
              "title": "Validate Js confirm box works when clicking cancel",
              "fullTitle": "Handle js alerts Validate Js confirm box works when clicking cancel",
              "timedOut": null,
              "duration": 305,
              "state": "passed",
              "speed": "fast",
              "pass": true,
              "fail": false,
              "pending": false,
              "context": null,
              "code": "cy.visit(Cypress.env('webdriveruniversityBaseUrl'));\ncy.get(\"#popup-alerts\").invoke('removeAttr', 'target').click();\ncy.get(\"#button4\").click();\ncy.on('window:confirm', str => {\n  return false;\n});\ncy.get(\"#confirm-alert-text\").contains('You pressed Cancel!');",
              "err": {},
              "uuid": "c81e74f0-7b4c-46b8-8ad1-38fbc28e5284",
              "parentUUID": "cfb9ccdd-ad71-4f4b-b33a-4a7f540bbca2",
              "isHook": false,
              "skipped": false
            },
            {
              "title": "Validate js confirm alert box using a stub",
              "fullTitle": "Handle js alerts Validate js confirm alert box using a stub",
              "timedOut": null,
              "duration": 288,
              "state": "passed",
              "speed": "fast",
              "pass": true,
              "fail": false,
              "pending": false,
              "context": null,
              "code": "cy.visit(Cypress.env('webdriveruniversityBaseUrl'));\ncy.get(\"#popup-alerts\").invoke('removeAttr', 'target').click();\nconst stub = cy.stub();\ncy.on('window:confirm', stub);\ncy.get(\"#button4\").click().then(() => {\n  expect(stub.getCall(0)).to.be.calledWith('Press a button!');\n}).then(() => {\n  return true;\n}).then(() => {\n  cy.get(\"#confirm-alert-text\").contains('You pressed OK!');\n});",
              "err": {},
              "uuid": "784f0179-f4e4-4070-a359-43ff1889e870",
              "parentUUID": "cfb9ccdd-ad71-4f4b-b33a-4a7f540bbca2",
              "isHook": false,
              "skipped": false
            }
          ],
          "suites": [],
          "passes": [
            "5b7def2c-99b3-444f-89a4-e8ecb4793766",
            "b7a6af95-2fce-4c5e-9d31-2eb2e570e78a",
            "c81e74f0-7b4c-46b8-8ad1-38fbc28e5284",
            "784f0179-f4e4-4070-a359-43ff1889e870"
          ],
          "failures": [],
          "pending": [],
          "skipped": [],
          "duration": 1650,
          "root": false,
          "rootEmpty": false,
          "_timeout": 2000
        }
      ],
      "passes": [],
      "failures": [],
      "pending": [],
      "skipped": [],
      "duration": 0,
      "root": true,
      "rootEmpty": true,
      "_timeout": 2000
    },
    {
      "uuid": "b800f0c7-188a-4ba7-a538-89031526edfd",
      "title": "",
      "fullFile": "cypress\\e2e\\webdriver-uni\\mouse-actions.test.js",
      "file": "cypress\\e2e\\webdriver-uni\\mouse-actions.test.js",
      "beforeHooks": [],
      "afterHooks": [],
      "tests": [],
      "suites": [
        {
          "uuid": "ee5e333d-11bf-4ffa-94d7-9a9ea8e2a06a",
          "title": "how to handle mouse events",
          "fullFile": "",
          "file": "",
          "beforeHooks": [],
          "afterHooks": [],
          "tests": [
            {
              "title": "drags and drops an element",
              "fullTitle": "how to handle mouse events drags and drops an element",
              "timedOut": null,
              "duration": 896,
              "state": "passed",
              "speed": "fast",
              "pass": true,
              "fail": false,
              "pending": false,
              "context": null,
              "code": "cy.get('#draggable').trigger('mousedown', {\n  button: 0\n});\ncy.get('#droppable').trigger('mousemove').trigger('mouseup', {\n  button: 0,\n  force: true\n});",
              "err": {},
              "uuid": "c06f958b-c2b7-4cdd-89a1-d1a1807580f1",
              "parentUUID": "ee5e333d-11bf-4ffa-94d7-9a9ea8e2a06a",
              "isHook": false,
              "skipped": false
            },
            {
              "title": "double clicks an element",
              "fullTitle": "how to handle mouse events double clicks an element",
              "timedOut": null,
              "duration": 376,
              "state": "passed",
              "speed": "fast",
              "pass": true,
              "fail": false,
              "pending": false,
              "context": null,
              "code": "cy.get('#double-click').dblclick();",
              "err": {},
              "uuid": "040a373f-1a75-431f-89de-8b9221bbc25a",
              "parentUUID": "ee5e333d-11bf-4ffa-94d7-9a9ea8e2a06a",
              "isHook": false,
              "skipped": false
            },
            {
              "title": "clicks and holds an element",
              "fullTitle": "how to handle mouse events clicks and holds an element",
              "timedOut": null,
              "duration": 238,
              "state": "passed",
              "speed": "fast",
              "pass": true,
              "fail": false,
              "pending": false,
              "context": null,
              "code": "cy.get('#click-box').trigger('mousedown', {\n  button: 0\n}).then($element => {\n  expect($element).to.have.css('background-color', 'rgb(0, 255, 0)');\n});",
              "err": {},
              "uuid": "59f3d040-a7e9-4148-a8ac-d71dbd5005ad",
              "parentUUID": "ee5e333d-11bf-4ffa-94d7-9a9ea8e2a06a",
              "isHook": false,
              "skipped": false
            },
            {
              "title": "overs element then click on ddl's option through cypress real event",
              "fullTitle": "how to handle mouse events overs element then click on ddl's option through cypress real event",
              "timedOut": null,
              "duration": 391,
              "state": "passed",
              "speed": "fast",
              "pass": true,
              "fail": false,
              "pending": false,
              "context": null,
              "code": "cy.on('window:alert', str => {\n  expect(str).to.equal('Well done you clicked on the link!');\n});\ncy.get('#div-hover .dropdown').each(($el, index) => {\n  // cy.wrap($el).realHover() //chrome only\n  if (index != 2) {\n    cy.wrap($el).find('.dropdown-content a').click({\n      force: true\n    });\n    // cy.wrap($el).find('.dropdown-content a').click() // chrome only\n  } else {\n    cy.wrap($el).find('.dropdown-content a').eq(1).click({\n      force: true\n    });\n    // cy.wrap($el).find('.dropdown-content a').eq(1).click() // chrome only\n  }\n});",
              "err": {},
              "uuid": "b075d430-a1b6-43bc-a6d2-f66a080b6d28",
              "parentUUID": "ee5e333d-11bf-4ffa-94d7-9a9ea8e2a06a",
              "isHook": false,
              "skipped": false
            },
            {
              "title": "overs element then click on ddl's option through cypress built-in solution",
              "fullTitle": "how to handle mouse events overs element then click on ddl's option through cypress built-in solution",
              "timedOut": null,
              "duration": 393,
              "state": "passed",
              "speed": "fast",
              "pass": true,
              "fail": false,
              "pending": false,
              "context": null,
              "code": "cy.on('window:alert', str => {\n  expect(str).to.equal('Well done you clicked on the link!');\n});\ncy.get('#div-hover .dropdown').each(($el, index) => {\n  if (index != 2) {\n    cy.wrap($el).find('.dropdown-content a').click({\n      force: true\n    });\n  } else {\n    cy.wrap($el).find('.dropdown-content a').eq(1).click({\n      force: true\n    });\n  }\n});",
              "err": {},
              "uuid": "8a0946e4-6d39-457a-9288-eec0784e96d7",
              "parentUUID": "ee5e333d-11bf-4ffa-94d7-9a9ea8e2a06a",
              "isHook": false,
              "skipped": false
            }
          ],
          "suites": [],
          "passes": [
            "c06f958b-c2b7-4cdd-89a1-d1a1807580f1",
            "040a373f-1a75-431f-89de-8b9221bbc25a",
            "59f3d040-a7e9-4148-a8ac-d71dbd5005ad",
            "b075d430-a1b6-43bc-a6d2-f66a080b6d28",
            "8a0946e4-6d39-457a-9288-eec0784e96d7"
          ],
          "failures": [],
          "pending": [],
          "skipped": [],
          "duration": 2294,
          "root": false,
          "rootEmpty": false,
          "_timeout": 2000
        }
      ],
      "passes": [],
      "failures": [],
      "pending": [],
      "skipped": [],
      "duration": 0,
      "root": true,
      "rootEmpty": true,
      "_timeout": 2000
    },
    {
      "uuid": "38235dbf-ab4e-426e-8817-20c346421d31",
      "title": "",
      "fullFile": "cypress\\e2e\\webdriver-uni\\select-dropdown-list.test.js",
      "file": "cypress\\e2e\\webdriver-uni\\select-dropdown-list.test.js",
      "beforeHooks": [],
      "afterHooks": [],
      "tests": [],
      "suites": [
        {
          "uuid": "3045dcae-a44f-4d95-bf63-3e30239986f8",
          "title": "how to handle dropdown list",
          "fullFile": "",
          "file": "",
          "beforeHooks": [],
          "afterHooks": [],
          "tests": [
            {
              "title": "selects dropdown list by visible text",
              "fullTitle": "how to handle dropdown list selects dropdown list by visible text",
              "timedOut": null,
              "duration": 824,
              "state": "passed",
              "speed": "fast",
              "pass": true,
              "fail": false,
              "pending": false,
              "context": null,
              "code": "cy.get('#dropdowm-menu-1').select('C#');",
              "err": {},
              "uuid": "bd22cceb-8d41-4927-8fc4-11de1b34f9cd",
              "parentUUID": "3045dcae-a44f-4d95-bf63-3e30239986f8",
              "isHook": false,
              "skipped": false
            },
            {
              "title": "selects dropdown list by value",
              "fullTitle": "how to handle dropdown list selects dropdown list by value",
              "timedOut": null,
              "duration": 414,
              "state": "passed",
              "speed": "fast",
              "pass": true,
              "fail": false,
              "pending": false,
              "context": null,
              "code": "cy.get('#dropdowm-menu-2').select('testng').should('have.value', 'testng');",
              "err": {},
              "uuid": "261acc60-8a7f-42e2-8e0e-c15d376bfa63",
              "parentUUID": "3045dcae-a44f-4d95-bf63-3e30239986f8",
              "isHook": false,
              "skipped": false
            },
            {
              "title": "selects dropdown list by index",
              "fullTitle": "how to handle dropdown list selects dropdown list by index",
              "timedOut": null,
              "duration": 356,
              "state": "passed",
              "speed": "fast",
              "pass": true,
              "fail": false,
              "pending": false,
              "context": null,
              "code": "cy.get('#dropdowm-menu-3').select(2).should('have.value', 'javascript');",
              "err": {},
              "uuid": "e6c7b6ab-020d-4ac8-82c9-eca634cf780d",
              "parentUUID": "3045dcae-a44f-4d95-bf63-3e30239986f8",
              "isHook": false,
              "skipped": false
            }
          ],
          "suites": [],
          "passes": [
            "bd22cceb-8d41-4927-8fc4-11de1b34f9cd",
            "261acc60-8a7f-42e2-8e0e-c15d376bfa63",
            "e6c7b6ab-020d-4ac8-82c9-eca634cf780d"
          ],
          "failures": [],
          "pending": [],
          "skipped": [],
          "duration": 1594,
          "root": false,
          "rootEmpty": false,
          "_timeout": 2000
        }
      ],
      "passes": [],
      "failures": [],
      "pending": [],
      "skipped": [],
      "duration": 0,
      "root": true,
      "rootEmpty": true,
      "_timeout": 2000
    },
    {
      "uuid": "bedacd9e-370f-41ad-b49a-f31ccb81614a",
      "title": "",
      "fullFile": "cypress\\e2e\\webdriver-uni\\selector.test.js",
      "file": "cypress\\e2e\\webdriver-uni\\selector.test.js",
      "beforeHooks": [],
      "afterHooks": [],
      "tests": [],
      "suites": [
        {
          "uuid": "096b2336-62c8-407e-b0b8-d818598c7a35",
          "title": "Selector examples",
          "fullFile": "",
          "file": "",
          "beforeHooks": [],
          "afterHooks": [],
          "tests": [
            {
              "title": "Examples of Selectors via WebdriverUni Contact Us Page",
              "fullTitle": "Selector examples Examples of Selectors via WebdriverUni Contact Us Page",
              "timedOut": null,
              "duration": 346,
              "state": "passed",
              "speed": "fast",
              "pass": true,
              "fail": false,
              "pending": false,
              "context": null,
              "code": "cy.visit(Cypress.env('webdriveruniversityBaseUrl') + \"Contact-Us/contactus.html\");\n// By Tag Name\ncy.get('input');\n//By attribute name and value\ncy.get('input[name=\"first_name\"]');\n//By ID\ncy.get('#contact_me');\n//By Class\ncy.get('.feedback-input');\n//By multiple classes\ncy.get('.navbar.navbar-inverse');\n//By two different attributes\ncy.get('input[name=\"first_name\"][placeholder=\"First Name\"]');\n//By xpath\ncy.xpath('//input[@name=\"first_name\"]');\n//By CSS\ncy.get('input[name=\"first_name\"][placeholder=\"First Name\"]');\n//By Text\ncy.contains('CONTACT US');",
              "err": {},
              "uuid": "030ccccd-8dad-4911-9bdc-983ba731ff41",
              "parentUUID": "096b2336-62c8-407e-b0b8-d818598c7a35",
              "isHook": false,
              "skipped": false
            }
          ],
          "suites": [],
          "passes": [
            "030ccccd-8dad-4911-9bdc-983ba731ff41"
          ],
          "failures": [],
          "pending": [],
          "skipped": [],
          "duration": 346,
          "root": false,
          "rootEmpty": false,
          "_timeout": 2000
        }
      ],
      "passes": [],
      "failures": [],
      "pending": [],
      "skipped": [],
      "duration": 0,
      "root": true,
      "rootEmpty": true,
      "_timeout": 2000
    },
    {
      "uuid": "3c006f63-cdc6-42af-b6ca-fabe99fdd2c8",
      "title": "",
      "fullFile": "cypress\\e2e\\webdriver-uni\\traversing-elements.test.js",
      "file": "cypress\\e2e\\webdriver-uni\\traversing-elements.test.js",
      "beforeHooks": [],
      "afterHooks": [],
      "tests": [],
      "suites": [
        {
          "uuid": "376897ee-dd37-4980-a410-9e779f800a02",
          "title": "Traversing DOM elements in Cypress",
          "fullFile": "",
          "file": "",
          "beforeHooks": [],
          "afterHooks": [],
          "tests": [
            {
              "title": "children() to get the children of DOM elements",
              "fullTitle": "Traversing DOM elements in Cypress children() to get the children of DOM elements",
              "timedOut": null,
              "duration": 608,
              "state": "passed",
              "speed": "fast",
              "pass": true,
              "fail": false,
              "pending": false,
              "context": null,
              "code": "cy.get(\".traversal-breadcrumb\").children(\".active\").should(\"contain\", \"Contact Us\");",
              "err": {},
              "uuid": "4ae51a3b-9c5f-499a-8f5b-d2df23398a27",
              "parentUUID": "376897ee-dd37-4980-a410-9e779f800a02",
              "isHook": false,
              "skipped": false
            },
            {
              "title": "closest() to validate the closest ancestor DOM element",
              "fullTitle": "Traversing DOM elements in Cypress closest() to validate the closest ancestor DOM element",
              "timedOut": null,
              "duration": 251,
              "state": "passed",
              "speed": "fast",
              "pass": true,
              "fail": false,
              "pending": false,
              "context": null,
              "code": "cy.get(\".traversal-badge\").closest(\"ul\").should(\"have.class\", \"list-group\");",
              "err": {},
              "uuid": "20db1f85-dc16-4e5b-9876-788199db6e7e",
              "parentUUID": "376897ee-dd37-4980-a410-9e779f800a02",
              "isHook": false,
              "skipped": false
            },
            {
              "title": "eq() to retrieve a specific element based on index",
              "fullTitle": "Traversing DOM elements in Cypress eq() to retrieve a specific element based on index",
              "timedOut": null,
              "duration": 249,
              "state": "passed",
              "speed": "fast",
              "pass": true,
              "fail": false,
              "pending": false,
              "context": null,
              "code": "cy.get(\".traversal-drinks-list > *\").eq(2).should(\"contain\", \"Milk\");",
              "err": {},
              "uuid": "fcb61346-02cd-414e-91ce-ff0b43aa76a7",
              "parentUUID": "376897ee-dd37-4980-a410-9e779f800a02",
              "isHook": false,
              "skipped": false
            },
            {
              "title": "filter() to retrieve DOM elements that match a specific selector",
              "fullTitle": "Traversing DOM elements in Cypress filter() to retrieve DOM elements that match a specific selector",
              "timedOut": null,
              "duration": 412,
              "state": "passed",
              "speed": "fast",
              "pass": true,
              "fail": false,
              "pending": false,
              "context": null,
              "code": "cy.get(\".btn-group-toggle > *\").filter(\".active\").should(\"contain\", \"Button-1\");",
              "err": {},
              "uuid": "5fbe1848-86ce-42b7-bd8d-f02aa6e66485",
              "parentUUID": "376897ee-dd37-4980-a410-9e779f800a02",
              "isHook": false,
              "skipped": false
            },
            {
              "title": "find() to retrieve DOM elements of a given selector",
              "fullTitle": "Traversing DOM elements in Cypress find() to retrieve DOM elements of a given selector",
              "timedOut": null,
              "duration": 339,
              "state": "passed",
              "speed": "fast",
              "pass": true,
              "fail": false,
              "pending": false,
              "context": null,
              "code": "cy.get(\".traversal-pagination\").find(\"li\").find(\"a\").should(\"have.length\", 7);",
              "err": {},
              "uuid": "d459b670-1a79-4328-9698-8b663df4241f",
              "parentUUID": "376897ee-dd37-4980-a410-9e779f800a02",
              "isHook": false,
              "skipped": false
            },
            {
              "title": "first() to retrieve the first DOM element within elements ",
              "fullTitle": "Traversing DOM elements in Cypress first() to retrieve the first DOM element within elements ",
              "timedOut": null,
              "duration": 259,
              "state": "passed",
              "speed": "fast",
              "pass": true,
              "fail": false,
              "pending": false,
              "context": null,
              "code": "cy.get(\".traversal-table > tbody > tr > td\").first().should(\"contain\", \"Andy\");",
              "err": {},
              "uuid": "067a9fbf-7031-4f1f-85b7-7a661721f934",
              "parentUUID": "376897ee-dd37-4980-a410-9e779f800a02",
              "isHook": false,
              "skipped": false
            },
            {
              "title": "last() to retrieve the last DOM element within elements",
              "fullTitle": "Traversing DOM elements in Cypress last() to retrieve the last DOM element within elements",
              "timedOut": null,
              "duration": 261,
              "state": "passed",
              "speed": "fast",
              "pass": true,
              "fail": false,
              "pending": false,
              "context": null,
              "code": "cy.get(\".traversal-table > tbody > tr > td\").last().should(\"contain\", \"Scott\");",
              "err": {},
              "uuid": "80c2a416-0db3-4e85-8279-f6aa84ac0cb0",
              "parentUUID": "376897ee-dd37-4980-a410-9e779f800a02",
              "isHook": false,
              "skipped": false
            },
            {
              "title": "nextAll() to get all of the next sibling DOM elements within elements",
              "fullTitle": "Traversing DOM elements in Cypress nextAll() to get all of the next sibling DOM elements within elements",
              "timedOut": null,
              "duration": 323,
              "state": "passed",
              "speed": "fast",
              "pass": true,
              "fail": false,
              "pending": false,
              "context": null,
              "code": "cy.get(\".traversal-drinks-list\").contains(\"Tea\").nextAll().should(\"have.length\", 3);",
              "err": {},
              "uuid": "133fe726-b5e6-43c3-a545-7d1f1576db2c",
              "parentUUID": "376897ee-dd37-4980-a410-9e779f800a02",
              "isHook": false,
              "skipped": false
            },
            {
              "title": "nextUntil() to get all of the next sibling DOM elements within elements until another element",
              "fullTitle": "Traversing DOM elements in Cypress nextUntil() to get all of the next sibling DOM elements within elements until another element",
              "timedOut": null,
              "duration": 219,
              "state": "passed",
              "speed": "fast",
              "pass": true,
              "fail": false,
              "pending": false,
              "context": null,
              "code": "cy.get(\"#coffee\").nextUntil(\"#milk\").should(\"have.length\", 1);",
              "err": {},
              "uuid": "e70d0cf0-f8c0-419b-a971-500bb44062e4",
              "parentUUID": "376897ee-dd37-4980-a410-9e779f800a02",
              "isHook": false,
              "skipped": false
            },
            {
              "title": "not() to remove DOM element(s) from the set of elements",
              "fullTitle": "Traversing DOM elements in Cypress not() to remove DOM element(s) from the set of elements",
              "timedOut": null,
              "duration": 255,
              "state": "passed",
              "speed": "fast",
              "pass": true,
              "fail": false,
              "pending": false,
              "context": null,
              "code": "cy.get(\".traversal-button-states > button\").not(\".disabled\").should(\"not.have.class\", \"disabled\");",
              "err": {},
              "uuid": "8e11b253-49c0-409a-aedf-6a441e87326c",
              "parentUUID": "376897ee-dd37-4980-a410-9e779f800a02",
              "isHook": false,
              "skipped": false
            },
            {
              "title": "parent() To get parent DOM element of elements",
              "fullTitle": "Traversing DOM elements in Cypress parent() To get parent DOM element of elements",
              "timedOut": null,
              "duration": 249,
              "state": "passed",
              "speed": "fast",
              "pass": true,
              "fail": false,
              "pending": false,
              "context": null,
              "code": "cy.get(\".traversal-mark\").parent().should(\"contain\", \"Lorem ipsum dolor sit amet\");",
              "err": {},
              "uuid": "7f5afeda-6d1f-4f65-8a11-ea07f3873b0a",
              "parentUUID": "376897ee-dd37-4980-a410-9e779f800a02",
              "isHook": false,
              "skipped": false
            },
            {
              "title": "parents() to get parents DOM element of elements",
              "fullTitle": "Traversing DOM elements in Cypress parents() to get parents DOM element of elements",
              "timedOut": null,
              "duration": 222,
              "state": "passed",
              "speed": "fast",
              "pass": true,
              "fail": false,
              "pending": false,
              "context": null,
              "code": "cy.get(\".traversal-cite\").parents().should(\"match\", \"blockquote\");",
              "err": {},
              "uuid": "58fe67ae-90df-426e-9984-ab56c330d1a3",
              "parentUUID": "376897ee-dd37-4980-a410-9e779f800a02",
              "isHook": false,
              "skipped": false
            },
            {
              "title": "prev() to get the previous sibling DOM element within elements",
              "fullTitle": "Traversing DOM elements in Cypress prev() to get the previous sibling DOM element within elements",
              "timedOut": null,
              "duration": 227,
              "state": "passed",
              "speed": "fast",
              "pass": true,
              "fail": false,
              "pending": false,
              "context": null,
              "code": "cy.get(\"#sugar\").prev().should(\"contain\", \"Espresso\");",
              "err": {},
              "uuid": "32e3ce6b-6148-4009-9cd0-1d534da5476a",
              "parentUUID": "376897ee-dd37-4980-a410-9e779f800a02",
              "isHook": false,
              "skipped": false
            },
            {
              "title": "prevAll() to get all previous sibling DOM elements within elements",
              "fullTitle": "Traversing DOM elements in Cypress prevAll() to get all previous sibling DOM elements within elements",
              "timedOut": null,
              "duration": 246,
              "state": "passed",
              "speed": "fast",
              "pass": true,
              "fail": false,
              "pending": false,
              "context": null,
              "code": "cy.get(\".sales\").prevAll().should(\"have.length\", 2);",
              "err": {},
              "uuid": "7ad5d8da-0060-4c6c-a764-97d8aa67ce70",
              "parentUUID": "376897ee-dd37-4980-a410-9e779f800a02",
              "isHook": false,
              "skipped": false
            },
            {
              "title": "prevUntil() to get all previous sibling DOM elements within elements until other element",
              "fullTitle": "Traversing DOM elements in Cypress prevUntil() to get all previous sibling DOM elements within elements until other element",
              "timedOut": null,
              "duration": 246,
              "state": "passed",
              "speed": "fast",
              "pass": true,
              "fail": false,
              "pending": false,
              "context": null,
              "code": "cy.get(\"#veggie\").prevUntil(\"#fruits\").should(\"have.length\", 5);",
              "err": {},
              "uuid": "0fc9aa9d-1ea9-4b95-8df0-c2d2bd4d6efa",
              "parentUUID": "376897ee-dd37-4980-a410-9e779f800a02",
              "isHook": false,
              "skipped": false
            },
            {
              "title": "siblings() To get all sibling DOM elements of elements",
              "fullTitle": "Traversing DOM elements in Cypress siblings() To get all sibling DOM elements of elements",
              "timedOut": null,
              "duration": 247,
              "state": "passed",
              "speed": "fast",
              "pass": true,
              "fail": false,
              "pending": false,
              "context": null,
              "code": "cy.get(\".traversal-button-other-states .active\").siblings().should(\"have.length\", 3);",
              "err": {},
              "uuid": "0b268112-b543-4d62-b41d-aae4ebbadc91",
              "parentUUID": "376897ee-dd37-4980-a410-9e779f800a02",
              "isHook": false,
              "skipped": false
            }
          ],
          "suites": [],
          "passes": [
            "4ae51a3b-9c5f-499a-8f5b-d2df23398a27",
            "20db1f85-dc16-4e5b-9876-788199db6e7e",
            "fcb61346-02cd-414e-91ce-ff0b43aa76a7",
            "5fbe1848-86ce-42b7-bd8d-f02aa6e66485",
            "d459b670-1a79-4328-9698-8b663df4241f",
            "067a9fbf-7031-4f1f-85b7-7a661721f934",
            "80c2a416-0db3-4e85-8279-f6aa84ac0cb0",
            "133fe726-b5e6-43c3-a545-7d1f1576db2c",
            "e70d0cf0-f8c0-419b-a971-500bb44062e4",
            "8e11b253-49c0-409a-aedf-6a441e87326c",
            "7f5afeda-6d1f-4f65-8a11-ea07f3873b0a",
            "58fe67ae-90df-426e-9984-ab56c330d1a3",
            "32e3ce6b-6148-4009-9cd0-1d534da5476a",
            "7ad5d8da-0060-4c6c-a764-97d8aa67ce70",
            "0fc9aa9d-1ea9-4b95-8df0-c2d2bd4d6efa",
            "0b268112-b543-4d62-b41d-aae4ebbadc91"
          ],
          "failures": [],
          "pending": [],
          "skipped": [],
          "duration": 4613,
          "root": false,
          "rootEmpty": false,
          "_timeout": 2000
        }
      ],
      "passes": [],
      "failures": [],
      "pending": [],
      "skipped": [],
      "duration": 0,
      "root": true,
      "rootEmpty": true,
      "_timeout": 2000
    },
    {
      "uuid": "7bd1517a-47bf-4747-8f7a-c33d53310f5f",
      "title": "",
      "fullFile": "cypress\\e2e\\automation-test-store\\add-multiple-items-tobaskets.test.js",
      "file": "cypress\\e2e\\automation-test-store\\add-multiple-items-tobaskets.test.js",
      "beforeHooks": [],
      "afterHooks": [],
      "tests": [],
      "suites": [
        {
          "uuid": "0e2b9ae0-b299-45f3-85c0-d93766451711",
          "title": "Add multiple items to basket",
          "fullFile": "",
          "file": "",
          "beforeHooks": [],
          "afterHooks": [],
          "tests": [
            {
              "title": "Add specific items to basket",
              "fullTitle": "Add multiple items to basket Add specific items to basket",
              "timedOut": null,
              "duration": 3456,
              "state": "passed",
              "speed": "fast",
              "pass": true,
              "fail": false,
              "pending": false,
              "context": null,
              "code": "autoStoreHairCarePO.addProductToBasket();",
              "err": {},
              "uuid": "879fd93f-b51f-40da-a9ac-891c1b6ed4d6",
              "parentUUID": "0e2b9ae0-b299-45f3-85c0-d93766451711",
              "isHook": false,
              "skipped": false
            }
          ],
          "suites": [],
          "passes": [
            "879fd93f-b51f-40da-a9ac-891c1b6ed4d6"
          ],
          "failures": [],
          "pending": [],
          "skipped": [],
          "duration": 3456,
          "root": false,
          "rootEmpty": false,
          "_timeout": 2000
        }
      ],
      "passes": [],
      "failures": [],
      "pending": [],
      "skipped": [],
      "duration": 0,
      "root": true,
      "rootEmpty": true,
      "_timeout": 2000
    }
  ],
  "meta": {
    "mocha": {
      "version": "7.0.1"
    },
    "mochawesome": {
      "options": {
        "quiet": false,
        "reportFilename": "mochawesome",
        "saveHtml": false,
        "saveJson": true,
        "consoleReporter": "spec",
        "useInlineDiffs": false,
        "code": true
      },
      "version": "7.1.3"
    },
    "marge": {
      "options": {
        "id": "default",
        "reportDir": "cypress/results/mochawesome",
        "quite": true,
        "overwrite": false,
        "html": false,
        "json": true
      },
      "version": "6.2.0"
    }
  }
}